{"/Users/shivamgupta/Desktop/Online_Auction/online-auction-backend/src/app.js": {"path":"/Users/shivamgupta/Desktop/Online_Auction/online-auction-backend/src/app.js","statementMap":{"0":{"start":{"line":5,"column":0},"end":{"line":5,"column":37}},"1":{"start":{"line":22,"column":0},"end":{"line":22,"column":15}},"2":{"start":{"line":24,"column":12},"end":{"line":24,"column":21}},"3":{"start":{"line":27,"column":0},"end":{"line":27,"column":15}},"4":{"start":{"line":28,"column":0},"end":{"line":28,"column":23}},"5":{"start":{"line":31,"column":0},"end":{"line":34,"column":2}},"6":{"start":{"line":32,"column":2},"end":{"line":32,"column":43}},"7":{"start":{"line":33,"column":2},"end":{"line":33,"column":8}},"8":{"start":{"line":37,"column":0},"end":{"line":37,"column":32}},"9":{"start":{"line":40,"column":0},"end":{"line":40,"column":39}},"10":{"start":{"line":42,"column":0},"end":{"line":42,"column":36}},"11":{"start":{"line":44,"column":0},"end":{"line":44,"column":42}},"12":{"start":{"line":46,"column":0},"end":{"line":46,"column":39}},"13":{"start":{"line":48,"column":0},"end":{"line":48,"column":33}},"14":{"start":{"line":50,"column":0},"end":{"line":50,"column":31}},"15":{"start":{"line":55,"column":0},"end":{"line":55,"column":52}},"16":{"start":{"line":55,"column":25},"end":{"line":55,"column":51}}},"fnMap":{"0":{"name":"(anonymous_0)","decl":{"start":{"line":31,"column":8},"end":{"line":31,"column":9}},"loc":{"start":{"line":31,"column":28},"end":{"line":34,"column":1}},"line":31},"1":{"name":"(anonymous_1)","decl":{"start":{"line":55,"column":13},"end":{"line":55,"column":14}},"loc":{"start":{"line":55,"column":25},"end":{"line":55,"column":51}},"line":55}},"branchMap":{},"s":{"0":7,"1":7,"2":7,"3":7,"4":7,"5":7,"6":7,"7":7,"8":7,"9":7,"10":7,"11":7,"12":7,"13":7,"14":7,"15":7,"16":0},"f":{"0":7,"1":0},"b":{},"_coverageSchema":"1a1c01bbd47fc00a2c39e90264f33305004495a9","hash":"4be1024d582324fad21b5a30a7fbeae4e9efa64d"}
,"/Users/shivamgupta/Desktop/Online_Auction/online-auction-backend/src/prismaClient.js": {"path":"/Users/shivamgupta/Desktop/Online_Auction/online-auction-backend/src/prismaClient.js","statementMap":{"0":{"start":{"line":2,"column":22},"end":{"line":2,"column":40}}},"fnMap":{},"branchMap":{},"s":{"0":7},"f":{},"b":{},"_coverageSchema":"1a1c01bbd47fc00a2c39e90264f33305004495a9","hash":"df2b2cdcc54c4c938a8cad744e8ffc801f0ba50b"}
,"/Users/shivamgupta/Desktop/Online_Auction/online-auction-backend/src/controllers/auth.controller.js": {"path":"/Users/shivamgupta/Desktop/Online_Auction/online-auction-backend/src/controllers/auth.controller.js","statementMap":{"0":{"start":{"line":6,"column":24},"end":{"line":42,"column":1}},"1":{"start":{"line":7,"column":4},"end":{"line":7,"column":47}},"2":{"start":{"line":8,"column":48},"end":{"line":8,"column":56}},"3":{"start":{"line":10,"column":23},"end":{"line":10,"column":52}},"4":{"start":{"line":11,"column":4},"end":{"line":13,"column":5}},"5":{"start":{"line":12,"column":6},"end":{"line":12,"column":71}},"6":{"start":{"line":16,"column":2},"end":{"line":41,"column":3}},"7":{"start":{"line":17,"column":25},"end":{"line":19,"column":6}},"8":{"start":{"line":21,"column":4},"end":{"line":23,"column":5}},"9":{"start":{"line":22,"column":6},"end":{"line":22,"column":69}},"10":{"start":{"line":25,"column":27},"end":{"line":25,"column":58}},"11":{"start":{"line":27,"column":17},"end":{"line":34,"column":6}},"12":{"start":{"line":36,"column":18},"end":{"line":36,"column":65}},"13":{"start":{"line":37,"column":4},"end":{"line":37,"column":41}},"14":{"start":{"line":39,"column":4},"end":{"line":39,"column":45}},"15":{"start":{"line":40,"column":4},"end":{"line":40,"column":60}},"16":{"start":{"line":45,"column":21},"end":{"line":69,"column":1}},"17":{"start":{"line":46,"column":30},"end":{"line":46,"column":38}},"18":{"start":{"line":48,"column":2},"end":{"line":68,"column":3}},"19":{"start":{"line":49,"column":17},"end":{"line":51,"column":6}},"20":{"start":{"line":53,"column":4},"end":{"line":55,"column":5}},"21":{"start":{"line":54,"column":6},"end":{"line":54,"column":69}},"22":{"start":{"line":57,"column":18},"end":{"line":57,"column":63}},"23":{"start":{"line":59,"column":4},"end":{"line":61,"column":5}},"24":{"start":{"line":60,"column":6},"end":{"line":60,"column":69}},"25":{"start":{"line":63,"column":18},"end":{"line":63,"column":65}},"26":{"start":{"line":64,"column":4},"end":{"line":64,"column":41}},"27":{"start":{"line":66,"column":4},"end":{"line":66,"column":38}},"28":{"start":{"line":67,"column":4},"end":{"line":67,"column":53}},"29":{"start":{"line":71,"column":21},"end":{"line":77,"column":1}},"30":{"start":{"line":72,"column":2},"end":{"line":76,"column":3}},"31":{"start":{"line":73,"column":4},"end":{"line":73,"column":34}},"32":{"start":{"line":75,"column":4},"end":{"line":75,"column":66}}},"fnMap":{"0":{"name":"(anonymous_0)","decl":{"start":{"line":6,"column":24},"end":{"line":6,"column":25}},"loc":{"start":{"line":6,"column":44},"end":{"line":42,"column":1}},"line":6},"1":{"name":"(anonymous_1)","decl":{"start":{"line":45,"column":21},"end":{"line":45,"column":22}},"loc":{"start":{"line":45,"column":41},"end":{"line":69,"column":1}},"line":45},"2":{"name":"(anonymous_2)","decl":{"start":{"line":71,"column":21},"end":{"line":71,"column":22}},"loc":{"start":{"line":71,"column":41},"end":{"line":77,"column":1}},"line":71}},"branchMap":{"0":{"loc":{"start":{"line":11,"column":4},"end":{"line":13,"column":5}},"type":"if","locations":[{"start":{"line":11,"column":4},"end":{"line":13,"column":5}},{"start":{},"end":{}}],"line":11},"1":{"loc":{"start":{"line":21,"column":4},"end":{"line":23,"column":5}},"type":"if","locations":[{"start":{"line":21,"column":4},"end":{"line":23,"column":5}},{"start":{},"end":{}}],"line":21},"2":{"loc":{"start":{"line":53,"column":4},"end":{"line":55,"column":5}},"type":"if","locations":[{"start":{"line":53,"column":4},"end":{"line":55,"column":5}},{"start":{},"end":{}}],"line":53},"3":{"loc":{"start":{"line":59,"column":4},"end":{"line":61,"column":5}},"type":"if","locations":[{"start":{"line":59,"column":4},"end":{"line":61,"column":5}},{"start":{},"end":{}}],"line":59}},"s":{"0":7,"1":1,"2":1,"3":1,"4":1,"5":0,"6":1,"7":1,"8":1,"9":0,"10":1,"11":1,"12":1,"13":1,"14":0,"15":0,"16":7,"17":1,"18":1,"19":1,"20":1,"21":0,"22":1,"23":1,"24":0,"25":1,"26":1,"27":0,"28":0,"29":7,"30":0,"31":0,"32":0},"f":{"0":1,"1":1,"2":0},"b":{"0":[0,1],"1":[0,1],"2":[0,1],"3":[0,1]},"_coverageSchema":"1a1c01bbd47fc00a2c39e90264f33305004495a9","hash":"b1d749399c802424a109cd43257a6a6fc5bc484f"}
,"/Users/shivamgupta/Desktop/Online_Auction/online-auction-backend/src/controllers/bid.controller.js": {"path":"/Users/shivamgupta/Desktop/Online_Auction/online-auction-backend/src/controllers/bid.controller.js","statementMap":{"0":{"start":{"line":7,"column":33},"end":{"line":45,"column":1}},"1":{"start":{"line":8,"column":20},"end":{"line":8,"column":43}},"2":{"start":{"line":9,"column":15},"end":{"line":9,"column":44}},"3":{"start":{"line":10,"column":16},"end":{"line":10,"column":47}},"4":{"start":{"line":11,"column":15},"end":{"line":11,"column":33}},"5":{"start":{"line":13,"column":26},"end":{"line":13,"column":48}},"6":{"start":{"line":14,"column":17},"end":{"line":14,"column":88}},"7":{"start":{"line":15,"column":16},"end":{"line":15,"column":58}},"8":{"start":{"line":17,"column":2},"end":{"line":44,"column":3}},"9":{"start":{"line":18,"column":18},"end":{"line":18,"column":66}},"10":{"start":{"line":20,"column":17},"end":{"line":30,"column":6}},"11":{"start":{"line":32,"column":4},"end":{"line":40,"column":6}},"12":{"start":{"line":42,"column":4},"end":{"line":42,"column":53}},"13":{"start":{"line":43,"column":4},"end":{"line":43,"column":61}},"14":{"start":{"line":49,"column":24},"end":{"line":88,"column":1}},"15":{"start":{"line":50,"column":17},"end":{"line":50,"column":28}},"16":{"start":{"line":51,"column":31},"end":{"line":51,"column":39}},"17":{"start":{"line":53,"column":18},"end":{"line":56,"column":4}},"18":{"start":{"line":58,"column":2},"end":{"line":58,"column":75}},"19":{"start":{"line":58,"column":16},"end":{"line":58,"column":75}},"20":{"start":{"line":60,"column":2},"end":{"line":62,"column":3}},"21":{"start":{"line":61,"column":4},"end":{"line":61,"column":67}},"22":{"start":{"line":65,"column":2},"end":{"line":67,"column":3}},"23":{"start":{"line":66,"column":4},"end":{"line":66,"column":80}},"24":{"start":{"line":69,"column":21},"end":{"line":72,"column":4}},"25":{"start":{"line":74,"column":24},"end":{"line":74,"column":79}},"26":{"start":{"line":75,"column":2},"end":{"line":77,"column":3}},"27":{"start":{"line":76,"column":4},"end":{"line":76,"column":83}},"28":{"start":{"line":79,"column":14},"end":{"line":85,"column":4}},"29":{"start":{"line":87,"column":2},"end":{"line":87,"column":27}},"30":{"start":{"line":91,"column":29},"end":{"line":114,"column":1}},"31":{"start":{"line":92,"column":20},"end":{"line":92,"column":43}},"32":{"start":{"line":94,"column":2},"end":{"line":113,"column":3}},"33":{"start":{"line":95,"column":23},"end":{"line":103,"column":6}},"34":{"start":{"line":105,"column":4},"end":{"line":107,"column":5}},"35":{"start":{"line":106,"column":6},"end":{"line":106,"column":80}},"36":{"start":{"line":109,"column":4},"end":{"line":109,"column":24}},"37":{"start":{"line":111,"column":4},"end":{"line":111,"column":61}},"38":{"start":{"line":112,"column":4},"end":{"line":112,"column":68}},"39":{"start":{"line":116,"column":29},"end":{"line":158,"column":1}},"40":{"start":{"line":117,"column":20},"end":{"line":117,"column":43}},"41":{"start":{"line":118,"column":19},"end":{"line":118,"column":30}},"42":{"start":{"line":120,"column":2},"end":{"line":157,"column":3}},"43":{"start":{"line":122,"column":20},"end":{"line":124,"column":6}},"44":{"start":{"line":126,"column":4},"end":{"line":126,"column":79}},"45":{"start":{"line":126,"column":18},"end":{"line":126,"column":79}},"46":{"start":{"line":127,"column":4},"end":{"line":128,"column":77}},"47":{"start":{"line":128,"column":6},"end":{"line":128,"column":77}},"48":{"start":{"line":130,"column":17},"end":{"line":136,"column":6}},"49":{"start":{"line":138,"column":4},"end":{"line":145,"column":5}},"50":{"start":{"line":139,"column":6},"end":{"line":144,"column":8}},"51":{"start":{"line":147,"column":19},"end":{"line":147,"column":41}},"52":{"start":{"line":147,"column":33},"end":{"line":147,"column":40}},"53":{"start":{"line":148,"column":23},"end":{"line":148,"column":42}},"54":{"start":{"line":149,"column":22},"end":{"line":149,"column":33}},"55":{"start":{"line":150,"column":23},"end":{"line":150,"column":93}},"56":{"start":{"line":150,"column":59},"end":{"line":150,"column":64}},"57":{"start":{"line":151,"column":25},"end":{"line":151,"column":48}},"58":{"start":{"line":153,"column":4},"end":{"line":153,"column":65}},"59":{"start":{"line":155,"column":4},"end":{"line":155,"column":61}},"60":{"start":{"line":156,"column":4},"end":{"line":156,"column":68}},"61":{"start":{"line":159,"column":37},"end":{"line":186,"column":1}},"62":{"start":{"line":160,"column":20},"end":{"line":160,"column":43}},"63":{"start":{"line":162,"column":2},"end":{"line":185,"column":3}},"64":{"start":{"line":163,"column":17},"end":{"line":169,"column":6}},"65":{"start":{"line":171,"column":4},"end":{"line":176,"column":5}},"66":{"start":{"line":172,"column":6},"end":{"line":175,"column":8}},"67":{"start":{"line":178,"column":23},"end":{"line":178,"column":58}},"68":{"start":{"line":178,"column":49},"end":{"line":178,"column":56}},"69":{"start":{"line":179,"column":25},"end":{"line":179,"column":48}},"70":{"start":{"line":181,"column":4},"end":{"line":181,"column":42}},"71":{"start":{"line":183,"column":4},"end":{"line":183,"column":63}},"72":{"start":{"line":184,"column":4},"end":{"line":184,"column":77}},"73":{"start":{"line":190,"column":25},"end":{"line":235,"column":1}},"74":{"start":{"line":191,"column":17},"end":{"line":191,"column":28}},"75":{"start":{"line":193,"column":2},"end":{"line":234,"column":3}},"76":{"start":{"line":195,"column":21},"end":{"line":201,"column":6}},"77":{"start":{"line":203,"column":4},"end":{"line":203,"column":45}},"78":{"start":{"line":203,"column":26},"end":{"line":203,"column":45}},"79":{"start":{"line":206,"column":23},"end":{"line":206,"column":67}},"80":{"start":{"line":206,"column":53},"end":{"line":206,"column":64}},"81":{"start":{"line":209,"column":24},"end":{"line":216,"column":6}},"82":{"start":{"line":218,"column":26},"end":{"line":218,"column":35}},"83":{"start":{"line":219,"column":4},"end":{"line":221,"column":5}},"84":{"start":{"line":220,"column":6},"end":{"line":220,"column":46}},"85":{"start":{"line":224,"column":21},"end":{"line":228,"column":7}},"86":{"start":{"line":224,"column":42},"end":{"line":228,"column":5}},"87":{"start":{"line":230,"column":4},"end":{"line":230,"column":22}},"88":{"start":{"line":232,"column":4},"end":{"line":232,"column":46}},"89":{"start":{"line":233,"column":4},"end":{"line":233,"column":66}}},"fnMap":{"0":{"name":"(anonymous_0)","decl":{"start":{"line":7,"column":33},"end":{"line":7,"column":34}},"loc":{"start":{"line":7,"column":53},"end":{"line":45,"column":1}},"line":7},"1":{"name":"(anonymous_1)","decl":{"start":{"line":49,"column":24},"end":{"line":49,"column":25}},"loc":{"start":{"line":49,"column":44},"end":{"line":88,"column":1}},"line":49},"2":{"name":"(anonymous_2)","decl":{"start":{"line":91,"column":29},"end":{"line":91,"column":30}},"loc":{"start":{"line":91,"column":49},"end":{"line":114,"column":1}},"line":91},"3":{"name":"(anonymous_3)","decl":{"start":{"line":116,"column":29},"end":{"line":116,"column":30}},"loc":{"start":{"line":116,"column":49},"end":{"line":158,"column":1}},"line":116},"4":{"name":"(anonymous_4)","decl":{"start":{"line":147,"column":28},"end":{"line":147,"column":29}},"loc":{"start":{"line":147,"column":33},"end":{"line":147,"column":40}},"line":147},"5":{"name":"(anonymous_5)","decl":{"start":{"line":150,"column":49},"end":{"line":150,"column":50}},"loc":{"start":{"line":150,"column":59},"end":{"line":150,"column":64}},"line":150},"6":{"name":"(anonymous_6)","decl":{"start":{"line":159,"column":37},"end":{"line":159,"column":38}},"loc":{"start":{"line":159,"column":57},"end":{"line":186,"column":1}},"line":159},"7":{"name":"(anonymous_7)","decl":{"start":{"line":178,"column":44},"end":{"line":178,"column":45}},"loc":{"start":{"line":178,"column":49},"end":{"line":178,"column":56}},"line":178},"8":{"name":"(anonymous_8)","decl":{"start":{"line":190,"column":25},"end":{"line":190,"column":26}},"loc":{"start":{"line":190,"column":45},"end":{"line":235,"column":1}},"line":190},"9":{"name":"(anonymous_9)","decl":{"start":{"line":206,"column":48},"end":{"line":206,"column":49}},"loc":{"start":{"line":206,"column":53},"end":{"line":206,"column":64}},"line":206},"10":{"name":"(anonymous_10)","decl":{"start":{"line":224,"column":34},"end":{"line":224,"column":35}},"loc":{"start":{"line":224,"column":42},"end":{"line":228,"column":5}},"line":224}},"branchMap":{"0":{"loc":{"start":{"line":9,"column":15},"end":{"line":9,"column":44}},"type":"binary-expr","locations":[{"start":{"line":9,"column":15},"end":{"line":9,"column":39}},{"start":{"line":9,"column":43},"end":{"line":9,"column":44}}],"line":9},"1":{"loc":{"start":{"line":10,"column":16},"end":{"line":10,"column":47}},"type":"binary-expr","locations":[{"start":{"line":10,"column":16},"end":{"line":10,"column":41}},{"start":{"line":10,"column":45},"end":{"line":10,"column":47}}],"line":10},"2":{"loc":{"start":{"line":14,"column":17},"end":{"line":14,"column":88}},"type":"cond-expr","locations":[{"start":{"line":14,"column":62},"end":{"line":14,"column":78}},{"start":{"line":14,"column":81},"end":{"line":14,"column":88}}],"line":14},"3":{"loc":{"start":{"line":15,"column":16},"end":{"line":15,"column":58}},"type":"cond-expr","locations":[{"start":{"line":15,"column":44},"end":{"line":15,"column":49}},{"start":{"line":15,"column":52},"end":{"line":15,"column":58}}],"line":15},"4":{"loc":{"start":{"line":58,"column":2},"end":{"line":58,"column":75}},"type":"if","locations":[{"start":{"line":58,"column":2},"end":{"line":58,"column":75}},{"start":{},"end":{}}],"line":58},"5":{"loc":{"start":{"line":60,"column":2},"end":{"line":62,"column":3}},"type":"if","locations":[{"start":{"line":60,"column":2},"end":{"line":62,"column":3}},{"start":{},"end":{}}],"line":60},"6":{"loc":{"start":{"line":65,"column":2},"end":{"line":67,"column":3}},"type":"if","locations":[{"start":{"line":65,"column":2},"end":{"line":67,"column":3}},{"start":{},"end":{}}],"line":65},"7":{"loc":{"start":{"line":74,"column":24},"end":{"line":74,"column":79}},"type":"cond-expr","locations":[{"start":{"line":74,"column":37},"end":{"line":74,"column":57}},{"start":{"line":74,"column":60},"end":{"line":74,"column":79}}],"line":74},"8":{"loc":{"start":{"line":75,"column":2},"end":{"line":77,"column":3}},"type":"if","locations":[{"start":{"line":75,"column":2},"end":{"line":77,"column":3}},{"start":{},"end":{}}],"line":75},"9":{"loc":{"start":{"line":105,"column":4},"end":{"line":107,"column":5}},"type":"if","locations":[{"start":{"line":105,"column":4},"end":{"line":107,"column":5}},{"start":{},"end":{}}],"line":105},"10":{"loc":{"start":{"line":126,"column":4},"end":{"line":126,"column":79}},"type":"if","locations":[{"start":{"line":126,"column":4},"end":{"line":126,"column":79}},{"start":{},"end":{}}],"line":126},"11":{"loc":{"start":{"line":127,"column":4},"end":{"line":128,"column":77}},"type":"if","locations":[{"start":{"line":127,"column":4},"end":{"line":128,"column":77}},{"start":{},"end":{}}],"line":127},"12":{"loc":{"start":{"line":138,"column":4},"end":{"line":145,"column":5}},"type":"if","locations":[{"start":{"line":138,"column":4},"end":{"line":145,"column":5}},{"start":{},"end":{}}],"line":138},"13":{"loc":{"start":{"line":171,"column":4},"end":{"line":176,"column":5}},"type":"if","locations":[{"start":{"line":171,"column":4},"end":{"line":176,"column":5}},{"start":{},"end":{}}],"line":171},"14":{"loc":{"start":{"line":203,"column":4},"end":{"line":203,"column":45}},"type":"if","locations":[{"start":{"line":203,"column":4},"end":{"line":203,"column":45}},{"start":{},"end":{}}],"line":203}},"s":{"0":7,"1":0,"2":0,"3":0,"4":0,"5":0,"6":0,"7":0,"8":0,"9":0,"10":0,"11":0,"12":0,"13":0,"14":7,"15":0,"16":0,"17":0,"18":0,"19":0,"20":0,"21":0,"22":0,"23":0,"24":0,"25":0,"26":0,"27":0,"28":0,"29":0,"30":7,"31":0,"32":0,"33":0,"34":0,"35":0,"36":0,"37":0,"38":0,"39":7,"40":0,"41":0,"42":0,"43":0,"44":0,"45":0,"46":0,"47":0,"48":0,"49":0,"50":0,"51":0,"52":0,"53":0,"54":0,"55":0,"56":0,"57":0,"58":0,"59":0,"60":0,"61":7,"62":0,"63":0,"64":0,"65":0,"66":0,"67":0,"68":0,"69":0,"70":0,"71":0,"72":0,"73":7,"74":0,"75":0,"76":0,"77":0,"78":0,"79":0,"80":0,"81":0,"82":0,"83":0,"84":0,"85":0,"86":0,"87":0,"88":0,"89":0},"f":{"0":0,"1":0,"2":0,"3":0,"4":0,"5":0,"6":0,"7":0,"8":0,"9":0,"10":0},"b":{"0":[0,0],"1":[0,0],"2":[0,0],"3":[0,0],"4":[0,0],"5":[0,0],"6":[0,0],"7":[0,0],"8":[0,0],"9":[0,0],"10":[0,0],"11":[0,0],"12":[0,0],"13":[0,0],"14":[0,0]},"_coverageSchema":"1a1c01bbd47fc00a2c39e90264f33305004495a9","hash":"7168fe6b75d13a274b9c6f73cf1536f806e33d3a"}
,"/Users/shivamgupta/Desktop/Online_Auction/online-auction-backend/src/controllers/category.controller.js": {"path":"/Users/shivamgupta/Desktop/Online_Auction/online-auction-backend/src/controllers/category.controller.js","statementMap":{"0":{"start":{"line":3,"column":32},"end":{"line":11,"column":1}},"1":{"start":{"line":4,"column":2},"end":{"line":10,"column":3}},"2":{"start":{"line":5,"column":23},"end":{"line":5,"column":55}},"3":{"start":{"line":6,"column":4},"end":{"line":6,"column":24}},"4":{"start":{"line":8,"column":4},"end":{"line":8,"column":22}},"5":{"start":{"line":9,"column":4},"end":{"line":9,"column":67}}},"fnMap":{"0":{"name":"(anonymous_0)","decl":{"start":{"line":3,"column":32},"end":{"line":3,"column":33}},"loc":{"start":{"line":3,"column":52},"end":{"line":11,"column":1}},"line":3}},"branchMap":{},"s":{"0":7,"1":0,"2":0,"3":0,"4":0,"5":0},"f":{"0":0},"b":{},"_coverageSchema":"1a1c01bbd47fc00a2c39e90264f33305004495a9","hash":"67baf4af138e4d60e4d0262e7cb8ace46f8b4eae"}
,"/Users/shivamgupta/Desktop/Online_Auction/online-auction-backend/src/controllers/package.controller.js": {"path":"/Users/shivamgupta/Desktop/Online_Auction/online-auction-backend/src/controllers/package.controller.js","statementMap":{"0":{"start":{"line":3,"column":30},"end":{"line":11,"column":1}},"1":{"start":{"line":4,"column":2},"end":{"line":10,"column":3}},"2":{"start":{"line":5,"column":21},"end":{"line":5,"column":52}},"3":{"start":{"line":6,"column":4},"end":{"line":6,"column":22}},"4":{"start":{"line":8,"column":4},"end":{"line":8,"column":22}},"5":{"start":{"line":9,"column":4},"end":{"line":9,"column":65}}},"fnMap":{"0":{"name":"(anonymous_0)","decl":{"start":{"line":3,"column":30},"end":{"line":3,"column":31}},"loc":{"start":{"line":3,"column":50},"end":{"line":11,"column":1}},"line":3}},"branchMap":{},"s":{"0":7,"1":0,"2":0,"3":0,"4":0,"5":0},"f":{"0":0},"b":{},"_coverageSchema":"1a1c01bbd47fc00a2c39e90264f33305004495a9","hash":"ba58ae8e3ffde10acb7a665075edac2b3fca87da"}
,"/Users/shivamgupta/Desktop/Online_Auction/online-auction-backend/src/controllers/product.controller.js": {"path":"/Users/shivamgupta/Desktop/Online_Auction/online-auction-backend/src/controllers/product.controller.js","statementMap":{"0":{"start":{"line":7,"column":29},"end":{"line":30,"column":1}},"1":{"start":{"line":8,"column":87},"end":{"line":8,"column":95}},"2":{"start":{"line":9,"column":19},"end":{"line":9,"column":30}},"3":{"start":{"line":11,"column":2},"end":{"line":29,"column":3}},"4":{"start":{"line":12,"column":20},"end":{"line":23,"column":6}},"5":{"start":{"line":25,"column":4},"end":{"line":25,"column":33}},"6":{"start":{"line":27,"column":4},"end":{"line":27,"column":46}},"7":{"start":{"line":28,"column":4},"end":{"line":28,"column":63}},"8":{"start":{"line":33,"column":29},"end":{"line":45,"column":1}},"9":{"start":{"line":34,"column":2},"end":{"line":44,"column":3}},"10":{"start":{"line":35,"column":21},"end":{"line":38,"column":6}},"11":{"start":{"line":40,"column":4},"end":{"line":40,"column":22}},"12":{"start":{"line":42,"column":4},"end":{"line":42,"column":50}},"13":{"start":{"line":43,"column":4},"end":{"line":43,"column":68}},"14":{"start":{"line":48,"column":30},"end":{"line":105,"column":1}},"15":{"start":{"line":49,"column":2},"end":{"line":104,"column":3}},"16":{"start":{"line":50,"column":43},"end":{"line":50,"column":52}},"17":{"start":{"line":52,"column":20},"end":{"line":52,"column":22}},"18":{"start":{"line":54,"column":4},"end":{"line":56,"column":5}},"19":{"start":{"line":55,"column":6},"end":{"line":55,"column":62}},"20":{"start":{"line":58,"column":4},"end":{"line":60,"column":5}},"21":{"start":{"line":59,"column":6},"end":{"line":59,"column":45}},"22":{"start":{"line":62,"column":4},"end":{"line":66,"column":5}},"23":{"start":{"line":63,"column":6},"end":{"line":63,"column":30}},"24":{"start":{"line":64,"column":6},"end":{"line":64,"column":56}},"25":{"start":{"line":64,"column":15},"end":{"line":64,"column":56}},"26":{"start":{"line":65,"column":6},"end":{"line":65,"column":56}},"27":{"start":{"line":65,"column":15},"end":{"line":65,"column":56}},"28":{"start":{"line":68,"column":21},"end":{"line":85,"column":6}},"29":{"start":{"line":87,"column":21},"end":{"line":98,"column":6}},"30":{"start":{"line":88,"column":57},"end":{"line":88,"column":82}},"31":{"start":{"line":89,"column":25},"end":{"line":89,"column":97}},"32":{"start":{"line":89,"column":81},"end":{"line":89,"column":88}},"33":{"start":{"line":91,"column":6},"end":{"line":97,"column":7}},"34":{"start":{"line":100,"column":4},"end":{"line":100,"column":22}},"35":{"start":{"line":102,"column":4},"end":{"line":102,"column":56}},"36":{"start":{"line":103,"column":4},"end":{"line":103,"column":72}},"37":{"start":{"line":108,"column":40},"end":{"line":149,"column":1}},"38":{"start":{"line":109,"column":20},"end":{"line":109,"column":43}},"39":{"start":{"line":111,"column":2},"end":{"line":148,"column":3}},"40":{"start":{"line":112,"column":20},"end":{"line":118,"column":6}},"41":{"start":{"line":120,"column":4},"end":{"line":122,"column":5}},"42":{"start":{"line":121,"column":6},"end":{"line":121,"column":67}},"43":{"start":{"line":124,"column":17},"end":{"line":130,"column":6}},"44":{"start":{"line":132,"column":23},"end":{"line":132,"column":79}},"45":{"start":{"line":132,"column":63},"end":{"line":132,"column":70}},"46":{"start":{"line":133,"column":25},"end":{"line":133,"column":69}},"47":{"start":{"line":135,"column":55},"end":{"line":135,"column":80}},"48":{"start":{"line":137,"column":4},"end":{"line":144,"column":6}},"49":{"start":{"line":146,"column":4},"end":{"line":146,"column":56}},"50":{"start":{"line":147,"column":4},"end":{"line":147,"column":71}},"51":{"start":{"line":152,"column":34},"end":{"line":233,"column":1}},"52":{"start":{"line":153,"column":19},"end":{"line":153,"column":30}},"53":{"start":{"line":154,"column":49},"end":{"line":154,"column":58}},"54":{"start":{"line":156,"column":2},"end":{"line":232,"column":3}},"55":{"start":{"line":157,"column":21},"end":{"line":166,"column":6}},"56":{"start":{"line":168,"column":20},"end":{"line":168,"column":21}},"57":{"start":{"line":169,"column":24},"end":{"line":169,"column":25}},"58":{"start":{"line":170,"column":23},"end":{"line":170,"column":24}},"59":{"start":{"line":171,"column":22},"end":{"line":171,"column":23}},"60":{"start":{"line":173,"column":21},"end":{"line":206,"column":6}},"61":{"start":{"line":174,"column":22},"end":{"line":174,"column":41}},"62":{"start":{"line":175,"column":6},"end":{"line":175,"column":26}},"63":{"start":{"line":176,"column":6},"end":{"line":176,"column":38}},"64":{"start":{"line":176,"column":23},"end":{"line":176,"column":38}},"65":{"start":{"line":178,"column":57},"end":{"line":178,"column":82}},"66":{"start":{"line":179,"column":6},"end":{"line":179,"column":48}},"67":{"start":{"line":181,"column":25},"end":{"line":183,"column":14}},"68":{"start":{"line":182,"column":44},"end":{"line":182,"column":51}},"69":{"start":{"line":185,"column":25},"end":{"line":189,"column":14}},"70":{"start":{"line":187,"column":44},"end":{"line":187,"column":57}},"71":{"start":{"line":191,"column":6},"end":{"line":205,"column":7}},"72":{"start":{"line":208,"column":27},"end":{"line":217,"column":6}},"73":{"start":{"line":209,"column":19},"end":{"line":209,"column":26}},"74":{"start":{"line":210,"column":19},"end":{"line":210,"column":26}},"75":{"start":{"line":212,"column":6},"end":{"line":212,"column":60}},"76":{"start":{"line":212,"column":52},"end":{"line":212,"column":60}},"77":{"start":{"line":214,"column":6},"end":{"line":216,"column":21}},"78":{"start":{"line":219,"column":4},"end":{"line":228,"column":6}},"79":{"start":{"line":230,"column":4},"end":{"line":230,"column":51}},"80":{"start":{"line":231,"column":4},"end":{"line":231,"column":70}},"81":{"start":{"line":236,"column":42},"end":{"line":357,"column":1}},"82":{"start":{"line":237,"column":19},"end":{"line":237,"column":30}},"83":{"start":{"line":239,"column":2},"end":{"line":356,"column":3}},"84":{"start":{"line":240,"column":21},"end":{"line":244,"column":6}},"85":{"start":{"line":246,"column":21},"end":{"line":246,"column":43}},"86":{"start":{"line":247,"column":18},"end":{"line":247,"column":59}},"87":{"start":{"line":250,"column":4},"end":{"line":250,"column":32}},"88":{"start":{"line":251,"column":4},"end":{"line":251,"column":67}},"89":{"start":{"line":252,"column":4},"end":{"line":252,"column":55}},"90":{"start":{"line":253,"column":4},"end":{"line":253,"column":80}},"91":{"start":{"line":254,"column":4},"end":{"line":254,"column":20}},"92":{"start":{"line":257,"column":4},"end":{"line":268,"column":5}},"93":{"start":{"line":271,"column":4},"end":{"line":282,"column":28}},"94":{"start":{"line":285,"column":24},"end":{"line":285,"column":25}},"95":{"start":{"line":286,"column":23},"end":{"line":286,"column":25}},"96":{"start":{"line":287,"column":25},"end":{"line":287,"column":27}},"97":{"start":{"line":288,"column":23},"end":{"line":288,"column":24}},"98":{"start":{"line":289,"column":22},"end":{"line":289,"column":23}},"99":{"start":{"line":292,"column":4},"end":{"line":319,"column":5}},"100":{"start":{"line":293,"column":19},"end":{"line":293,"column":31}},"101":{"start":{"line":294,"column":22},"end":{"line":294,"column":33}},"102":{"start":{"line":295,"column":25},"end":{"line":295,"column":77}},"103":{"start":{"line":295,"column":61},"end":{"line":295,"column":68}},"104":{"start":{"line":296,"column":25},"end":{"line":298,"column":14}},"105":{"start":{"line":297,"column":35},"end":{"line":297,"column":48}},"106":{"start":{"line":299,"column":28},"end":{"line":299,"column":53}},"107":{"start":{"line":301,"column":6},"end":{"line":312,"column":8}},"108":{"start":{"line":314,"column":6},"end":{"line":314,"column":30}},"109":{"start":{"line":315,"column":6},"end":{"line":315,"column":62}},"110":{"start":{"line":315,"column":31},"end":{"line":315,"column":62}},"111":{"start":{"line":316,"column":6},"end":{"line":316,"column":50}},"112":{"start":{"line":316,"column":41},"end":{"line":316,"column":48}},"113":{"start":{"line":318,"column":6},"end":{"line":318,"column":48}},"114":{"start":{"line":322,"column":4},"end":{"line":322,"column":20}},"115":{"start":{"line":325,"column":22},"end":{"line":332,"column":6}},"116":{"start":{"line":330,"column":50},"end":{"line":330,"column":57}},"117":{"start":{"line":334,"column":4},"end":{"line":334,"column":35}},"118":{"start":{"line":337,"column":22},"end":{"line":339,"column":6}},"119":{"start":{"line":340,"column":4},"end":{"line":340,"column":37}},"120":{"start":{"line":343,"column":4},"end":{"line":346,"column":5}},"121":{"start":{"line":348,"column":4},"end":{"line":348,"column":102}},"122":{"start":{"line":349,"column":4},"end":{"line":349,"column":88}},"123":{"start":{"line":351,"column":4},"end":{"line":351,"column":34}},"124":{"start":{"line":352,"column":4},"end":{"line":352,"column":13}},"125":{"start":{"line":354,"column":4},"end":{"line":354,"column":57}},"126":{"start":{"line":355,"column":4},"end":{"line":355,"column":66}},"127":{"start":{"line":360,"column":40},"end":{"line":402,"column":1}},"128":{"start":{"line":361,"column":19},"end":{"line":361,"column":30}},"129":{"start":{"line":363,"column":2},"end":{"line":401,"column":3}},"130":{"start":{"line":364,"column":21},"end":{"line":368,"column":6}},"131":{"start":{"line":370,"column":21},"end":{"line":390,"column":6}},"132":{"start":{"line":371,"column":22},"end":{"line":371,"column":41}},"133":{"start":{"line":372,"column":25},"end":{"line":372,"column":85}},"134":{"start":{"line":372,"column":69},"end":{"line":372,"column":76}},"135":{"start":{"line":373,"column":25},"end":{"line":375,"column":14}},"136":{"start":{"line":374,"column":43},"end":{"line":374,"column":56}},"137":{"start":{"line":376,"column":28},"end":{"line":376,"column":53}},"138":{"start":{"line":378,"column":6},"end":{"line":389,"column":7}},"139":{"start":{"line":392,"column":19},"end":{"line":392,"column":31}},"140":{"start":{"line":393,"column":16},"end":{"line":393,"column":38}},"141":{"start":{"line":395,"column":4},"end":{"line":395,"column":42}},"142":{"start":{"line":396,"column":4},"end":{"line":396,"column":42}},"143":{"start":{"line":397,"column":4},"end":{"line":397,"column":17}},"144":{"start":{"line":399,"column":4},"end":{"line":399,"column":55}},"145":{"start":{"line":400,"column":4},"end":{"line":400,"column":69}},"146":{"start":{"line":406,"column":29},"end":{"line":433,"column":1}},"147":{"start":{"line":407,"column":20},"end":{"line":407,"column":43}},"148":{"start":{"line":408,"column":19},"end":{"line":408,"column":30}},"149":{"start":{"line":410,"column":2},"end":{"line":432,"column":3}},"150":{"start":{"line":411,"column":21},"end":{"line":413,"column":6}},"151":{"start":{"line":415,"column":4},"end":{"line":417,"column":5}},"152":{"start":{"line":416,"column":6},"end":{"line":416,"column":65}},"153":{"start":{"line":419,"column":4},"end":{"line":421,"column":5}},"154":{"start":{"line":420,"column":6},"end":{"line":420,"column":76}},"155":{"start":{"line":423,"column":20},"end":{"line":426,"column":6}},"156":{"start":{"line":428,"column":4},"end":{"line":428,"column":21}},"157":{"start":{"line":430,"column":4},"end":{"line":430,"column":49}},"158":{"start":{"line":431,"column":4},"end":{"line":431,"column":63}}},"fnMap":{"0":{"name":"(anonymous_0)","decl":{"start":{"line":7,"column":29},"end":{"line":7,"column":30}},"loc":{"start":{"line":7,"column":49},"end":{"line":30,"column":1}},"line":7},"1":{"name":"(anonymous_1)","decl":{"start":{"line":33,"column":29},"end":{"line":33,"column":30}},"loc":{"start":{"line":33,"column":49},"end":{"line":45,"column":1}},"line":33},"2":{"name":"(anonymous_2)","decl":{"start":{"line":48,"column":30},"end":{"line":48,"column":31}},"loc":{"start":{"line":48,"column":50},"end":{"line":105,"column":1}},"line":48},"3":{"name":"(anonymous_3)","decl":{"start":{"line":87,"column":34},"end":{"line":87,"column":35}},"loc":{"start":{"line":87,"column":45},"end":{"line":98,"column":5}},"line":87},"4":{"name":"(anonymous_4)","decl":{"start":{"line":89,"column":76},"end":{"line":89,"column":77}},"loc":{"start":{"line":89,"column":81},"end":{"line":89,"column":88}},"line":89},"5":{"name":"(anonymous_5)","decl":{"start":{"line":108,"column":40},"end":{"line":108,"column":41}},"loc":{"start":{"line":108,"column":60},"end":{"line":149,"column":1}},"line":108},"6":{"name":"(anonymous_6)","decl":{"start":{"line":132,"column":58},"end":{"line":132,"column":59}},"loc":{"start":{"line":132,"column":63},"end":{"line":132,"column":70}},"line":132},"7":{"name":"(anonymous_7)","decl":{"start":{"line":152,"column":34},"end":{"line":152,"column":35}},"loc":{"start":{"line":152,"column":54},"end":{"line":233,"column":1}},"line":152},"8":{"name":"(anonymous_8)","decl":{"start":{"line":173,"column":34},"end":{"line":173,"column":35}},"loc":{"start":{"line":173,"column":45},"end":{"line":206,"column":5}},"line":173},"9":{"name":"(anonymous_9)","decl":{"start":{"line":182,"column":39},"end":{"line":182,"column":40}},"loc":{"start":{"line":182,"column":44},"end":{"line":182,"column":51}},"line":182},"10":{"name":"(anonymous_10)","decl":{"start":{"line":187,"column":32},"end":{"line":187,"column":33}},"loc":{"start":{"line":187,"column":44},"end":{"line":187,"column":57}},"line":187},"11":{"name":"(anonymous_11)","decl":{"start":{"line":208,"column":41},"end":{"line":208,"column":42}},"loc":{"start":{"line":208,"column":51},"end":{"line":217,"column":5}},"line":208},"12":{"name":"(anonymous_12)","decl":{"start":{"line":236,"column":42},"end":{"line":236,"column":43}},"loc":{"start":{"line":236,"column":62},"end":{"line":357,"column":1}},"line":236},"13":{"name":"(anonymous_13)","decl":{"start":{"line":295,"column":56},"end":{"line":295,"column":57}},"loc":{"start":{"line":295,"column":61},"end":{"line":295,"column":68}},"line":295},"14":{"name":"(anonymous_14)","decl":{"start":{"line":297,"column":23},"end":{"line":297,"column":24}},"loc":{"start":{"line":297,"column":35},"end":{"line":297,"column":48}},"line":297},"15":{"name":"(anonymous_15)","decl":{"start":{"line":316,"column":36},"end":{"line":316,"column":37}},"loc":{"start":{"line":316,"column":41},"end":{"line":316,"column":48}},"line":316},"16":{"name":"(anonymous_16)","decl":{"start":{"line":330,"column":38},"end":{"line":330,"column":39}},"loc":{"start":{"line":330,"column":50},"end":{"line":330,"column":57}},"line":330},"17":{"name":"(anonymous_17)","decl":{"start":{"line":360,"column":40},"end":{"line":360,"column":41}},"loc":{"start":{"line":360,"column":60},"end":{"line":402,"column":1}},"line":360},"18":{"name":"(anonymous_18)","decl":{"start":{"line":370,"column":34},"end":{"line":370,"column":35}},"loc":{"start":{"line":370,"column":45},"end":{"line":390,"column":5}},"line":370},"19":{"name":"(anonymous_19)","decl":{"start":{"line":372,"column":64},"end":{"line":372,"column":65}},"loc":{"start":{"line":372,"column":69},"end":{"line":372,"column":76}},"line":372},"20":{"name":"(anonymous_20)","decl":{"start":{"line":374,"column":31},"end":{"line":374,"column":32}},"loc":{"start":{"line":374,"column":43},"end":{"line":374,"column":56}},"line":374},"21":{"name":"(anonymous_21)","decl":{"start":{"line":406,"column":29},"end":{"line":406,"column":30}},"loc":{"start":{"line":406,"column":49},"end":{"line":433,"column":1}},"line":406}},"branchMap":{"0":{"loc":{"start":{"line":54,"column":4},"end":{"line":56,"column":5}},"type":"if","locations":[{"start":{"line":54,"column":4},"end":{"line":56,"column":5}},{"start":{},"end":{}}],"line":54},"1":{"loc":{"start":{"line":58,"column":4},"end":{"line":60,"column":5}},"type":"if","locations":[{"start":{"line":58,"column":4},"end":{"line":60,"column":5}},{"start":{},"end":{}}],"line":58},"2":{"loc":{"start":{"line":62,"column":4},"end":{"line":66,"column":5}},"type":"if","locations":[{"start":{"line":62,"column":4},"end":{"line":66,"column":5}},{"start":{},"end":{}}],"line":62},"3":{"loc":{"start":{"line":62,"column":8},"end":{"line":62,"column":18}},"type":"binary-expr","locations":[{"start":{"line":62,"column":8},"end":{"line":62,"column":11}},{"start":{"line":62,"column":15},"end":{"line":62,"column":18}}],"line":62},"4":{"loc":{"start":{"line":64,"column":6},"end":{"line":64,"column":56}},"type":"if","locations":[{"start":{"line":64,"column":6},"end":{"line":64,"column":56}},{"start":{},"end":{}}],"line":64},"5":{"loc":{"start":{"line":65,"column":6},"end":{"line":65,"column":56}},"type":"if","locations":[{"start":{"line":65,"column":6},"end":{"line":65,"column":56}},{"start":{},"end":{}}],"line":65},"6":{"loc":{"start":{"line":89,"column":25},"end":{"line":89,"column":97}},"type":"cond-expr","locations":[{"start":{"line":89,"column":47},"end":{"line":89,"column":90}},{"start":{"line":89,"column":93},"end":{"line":89,"column":97}}],"line":89},"7":{"loc":{"start":{"line":120,"column":4},"end":{"line":122,"column":5}},"type":"if","locations":[{"start":{"line":120,"column":4},"end":{"line":122,"column":5}},{"start":{},"end":{}}],"line":120},"8":{"loc":{"start":{"line":132,"column":23},"end":{"line":132,"column":79}},"type":"cond-expr","locations":[{"start":{"line":132,"column":37},"end":{"line":132,"column":72}},{"start":{"line":132,"column":75},"end":{"line":132,"column":79}}],"line":132},"9":{"loc":{"start":{"line":133,"column":25},"end":{"line":133,"column":69}},"type":"cond-expr","locations":[{"start":{"line":133,"column":39},"end":{"line":133,"column":62}},{"start":{"line":133,"column":65},"end":{"line":133,"column":69}}],"line":133},"10":{"loc":{"start":{"line":154,"column":10},"end":{"line":154,"column":28}},"type":"default-arg","locations":[{"start":{"line":154,"column":17},"end":{"line":154,"column":28}}],"line":154},"11":{"loc":{"start":{"line":154,"column":30},"end":{"line":154,"column":44}},"type":"default-arg","locations":[{"start":{"line":154,"column":38},"end":{"line":154,"column":44}}],"line":154},"12":{"loc":{"start":{"line":176,"column":6},"end":{"line":176,"column":38}},"type":"if","locations":[{"start":{"line":176,"column":6},"end":{"line":176,"column":38}},{"start":{},"end":{}}],"line":176},"13":{"loc":{"start":{"line":179,"column":6},"end":{"line":179,"column":48}},"type":"cond-expr","locations":[{"start":{"line":179,"column":18},"end":{"line":179,"column":32}},{"start":{"line":179,"column":35},"end":{"line":179,"column":48}}],"line":179},"14":{"loc":{"start":{"line":181,"column":25},"end":{"line":183,"column":14}},"type":"cond-expr","locations":[{"start":{"line":182,"column":10},"end":{"line":182,"column":53}},{"start":{"line":183,"column":10},"end":{"line":183,"column":14}}],"line":181},"15":{"loc":{"start":{"line":185,"column":25},"end":{"line":189,"column":14}},"type":"cond-expr","locations":[{"start":{"line":186,"column":10},"end":{"line":188,"column":22}},{"start":{"line":189,"column":10},"end":{"line":189,"column":14}}],"line":185},"16":{"loc":{"start":{"line":198,"column":20},"end":{"line":198,"column":58}},"type":"cond-expr","locations":[{"start":{"line":198,"column":33},"end":{"line":198,"column":51}},{"start":{"line":198,"column":54},"end":{"line":198,"column":58}}],"line":198},"17":{"loc":{"start":{"line":212,"column":6},"end":{"line":212,"column":60}},"type":"if","locations":[{"start":{"line":212,"column":6},"end":{"line":212,"column":60}},{"start":{},"end":{}}],"line":212},"18":{"loc":{"start":{"line":212,"column":10},"end":{"line":212,"column":50}},"type":"binary-expr","locations":[{"start":{"line":212,"column":10},"end":{"line":212,"column":28}},{"start":{"line":212,"column":32},"end":{"line":212,"column":50}}],"line":212},"19":{"loc":{"start":{"line":214,"column":13},"end":{"line":216,"column":21}},"type":"cond-expr","locations":[{"start":{"line":215,"column":10},"end":{"line":215,"column":21}},{"start":{"line":216,"column":10},"end":{"line":216,"column":21}}],"line":214},"20":{"loc":{"start":{"line":295,"column":25},"end":{"line":295,"column":77}},"type":"cond-expr","locations":[{"start":{"line":295,"column":35},"end":{"line":295,"column":70}},{"start":{"line":295,"column":73},"end":{"line":295,"column":77}}],"line":295},"21":{"loc":{"start":{"line":296,"column":25},"end":{"line":298,"column":14}},"type":"cond-expr","locations":[{"start":{"line":297,"column":10},"end":{"line":297,"column":74}},{"start":{"line":298,"column":10},"end":{"line":298,"column":14}}],"line":296},"22":{"loc":{"start":{"line":307,"column":20},"end":{"line":307,"column":58}},"type":"cond-expr","locations":[{"start":{"line":307,"column":33},"end":{"line":307,"column":51}},{"start":{"line":307,"column":54},"end":{"line":307,"column":58}}],"line":307},"23":{"loc":{"start":{"line":315,"column":6},"end":{"line":315,"column":62}},"type":"if","locations":[{"start":{"line":315,"column":6},"end":{"line":315,"column":62}},{"start":{},"end":{}}],"line":315},"24":{"loc":{"start":{"line":318,"column":6},"end":{"line":318,"column":48}},"type":"cond-expr","locations":[{"start":{"line":318,"column":18},"end":{"line":318,"column":32}},{"start":{"line":318,"column":35},"end":{"line":318,"column":48}}],"line":318},"25":{"loc":{"start":{"line":328,"column":18},"end":{"line":328,"column":76}},"type":"cond-expr","locations":[{"start":{"line":328,"column":42},"end":{"line":328,"column":69}},{"start":{"line":328,"column":72},"end":{"line":328,"column":76}}],"line":328},"26":{"loc":{"start":{"line":329,"column":18},"end":{"line":331,"column":14}},"type":"cond-expr","locations":[{"start":{"line":330,"column":10},"end":{"line":330,"column":96}},{"start":{"line":331,"column":10},"end":{"line":331,"column":14}}],"line":329},"27":{"loc":{"start":{"line":372,"column":25},"end":{"line":372,"column":85}},"type":"cond-expr","locations":[{"start":{"line":372,"column":35},"end":{"line":372,"column":78}},{"start":{"line":372,"column":81},"end":{"line":372,"column":85}}],"line":372},"28":{"loc":{"start":{"line":373,"column":25},"end":{"line":375,"column":14}},"type":"cond-expr","locations":[{"start":{"line":374,"column":10},"end":{"line":374,"column":82}},{"start":{"line":375,"column":10},"end":{"line":375,"column":14}}],"line":373},"29":{"loc":{"start":{"line":384,"column":20},"end":{"line":384,"column":58}},"type":"cond-expr","locations":[{"start":{"line":384,"column":33},"end":{"line":384,"column":51}},{"start":{"line":384,"column":54},"end":{"line":384,"column":58}}],"line":384},"30":{"loc":{"start":{"line":415,"column":4},"end":{"line":417,"column":5}},"type":"if","locations":[{"start":{"line":415,"column":4},"end":{"line":417,"column":5}},{"start":{},"end":{}}],"line":415},"31":{"loc":{"start":{"line":419,"column":4},"end":{"line":421,"column":5}},"type":"if","locations":[{"start":{"line":419,"column":4},"end":{"line":421,"column":5}},{"start":{},"end":{}}],"line":419}},"s":{"0":7,"1":1,"2":1,"3":1,"4":1,"5":0,"6":1,"7":1,"8":7,"9":0,"10":0,"11":0,"12":0,"13":0,"14":7,"15":0,"16":0,"17":0,"18":0,"19":0,"20":0,"21":0,"22":0,"23":0,"24":0,"25":0,"26":0,"27":0,"28":0,"29":0,"30":0,"31":0,"32":0,"33":0,"34":0,"35":0,"36":0,"37":7,"38":0,"39":0,"40":0,"41":0,"42":0,"43":0,"44":0,"45":0,"46":0,"47":0,"48":0,"49":0,"50":0,"51":7,"52":0,"53":0,"54":0,"55":0,"56":0,"57":0,"58":0,"59":0,"60":0,"61":0,"62":0,"63":0,"64":0,"65":0,"66":0,"67":0,"68":0,"69":0,"70":0,"71":0,"72":0,"73":0,"74":0,"75":0,"76":0,"77":0,"78":0,"79":0,"80":0,"81":7,"82":0,"83":0,"84":0,"85":0,"86":0,"87":0,"88":0,"89":0,"90":0,"91":0,"92":0,"93":0,"94":0,"95":0,"96":0,"97":0,"98":0,"99":0,"100":0,"101":0,"102":0,"103":0,"104":0,"105":0,"106":0,"107":0,"108":0,"109":0,"110":0,"111":0,"112":0,"113":0,"114":0,"115":0,"116":0,"117":0,"118":0,"119":0,"120":0,"121":0,"122":0,"123":0,"124":0,"125":0,"126":0,"127":7,"128":0,"129":0,"130":0,"131":0,"132":0,"133":0,"134":0,"135":0,"136":0,"137":0,"138":0,"139":0,"140":0,"141":0,"142":0,"143":0,"144":0,"145":0,"146":7,"147":0,"148":0,"149":0,"150":0,"151":0,"152":0,"153":0,"154":0,"155":0,"156":0,"157":0,"158":0},"f":{"0":1,"1":0,"2":0,"3":0,"4":0,"5":0,"6":0,"7":0,"8":0,"9":0,"10":0,"11":0,"12":0,"13":0,"14":0,"15":0,"16":0,"17":0,"18":0,"19":0,"20":0,"21":0},"b":{"0":[0,0],"1":[0,0],"2":[0,0],"3":[0,0],"4":[0,0],"5":[0,0],"6":[0,0],"7":[0,0],"8":[0,0],"9":[0,0],"10":[0],"11":[0],"12":[0,0],"13":[0,0],"14":[0,0],"15":[0,0],"16":[0,0],"17":[0,0],"18":[0,0],"19":[0,0],"20":[0,0],"21":[0,0],"22":[0,0],"23":[0,0],"24":[0,0],"25":[0,0],"26":[0,0],"27":[0,0],"28":[0,0],"29":[0,0],"30":[0,0],"31":[0,0]},"_coverageSchema":"1a1c01bbd47fc00a2c39e90264f33305004495a9","hash":"8243bb4ae2d19736dafaecf8dd3333eaf360507e"}
,"/Users/shivamgupta/Desktop/Online_Auction/online-auction-backend/src/controllers/user.controller.js": {"path":"/Users/shivamgupta/Desktop/Online_Auction/online-auction-backend/src/controllers/user.controller.js","statementMap":{"0":{"start":{"line":3,"column":29},"end":{"line":36,"column":3}},"1":{"start":{"line":4,"column":19},"end":{"line":4,"column":46}},"2":{"start":{"line":5,"column":26},"end":{"line":5,"column":34}},"3":{"start":{"line":7,"column":4},"end":{"line":7,"column":75}},"4":{"start":{"line":9,"column":4},"end":{"line":11,"column":5}},"5":{"start":{"line":10,"column":6},"end":{"line":10,"column":65}},"6":{"start":{"line":13,"column":4},"end":{"line":35,"column":5}},"7":{"start":{"line":14,"column":21},"end":{"line":14,"column":76}},"8":{"start":{"line":15,"column":8},"end":{"line":15,"column":37}},"9":{"start":{"line":17,"column":20},"end":{"line":17,"column":81}},"10":{"start":{"line":18,"column":8},"end":{"line":18,"column":39}},"11":{"start":{"line":20,"column":8},"end":{"line":24,"column":9}},"12":{"start":{"line":21,"column":10},"end":{"line":21,"column":53}},"13":{"start":{"line":21,"column":21},"end":{"line":21,"column":53}},"14":{"start":{"line":22,"column":10},"end":{"line":22,"column":55}},"15":{"start":{"line":22,"column":20},"end":{"line":22,"column":55}},"16":{"start":{"line":23,"column":10},"end":{"line":23,"column":79}},"17":{"start":{"line":27,"column":21},"end":{"line":29,"column":8}},"18":{"start":{"line":31,"column":6},"end":{"line":31,"column":34}},"19":{"start":{"line":33,"column":6},"end":{"line":33,"column":60}},"20":{"start":{"line":34,"column":6},"end":{"line":34,"column":62}},"21":{"start":{"line":38,"column":30},"end":{"line":58,"column":1}},"22":{"start":{"line":39,"column":2},"end":{"line":57,"column":3}},"23":{"start":{"line":40,"column":17},"end":{"line":49,"column":6}},"24":{"start":{"line":51,"column":4},"end":{"line":51,"column":73}},"25":{"start":{"line":51,"column":15},"end":{"line":51,"column":73}},"26":{"start":{"line":53,"column":4},"end":{"line":53,"column":18}},"27":{"start":{"line":55,"column":4},"end":{"line":55,"column":44}},"28":{"start":{"line":56,"column":4},"end":{"line":56,"column":60}},"29":{"start":{"line":59,"column":31},"end":{"line":89,"column":1}},"30":{"start":{"line":60,"column":17},"end":{"line":60,"column":40}},"31":{"start":{"line":62,"column":2},"end":{"line":64,"column":3}},"32":{"start":{"line":63,"column":4},"end":{"line":63,"column":63}},"33":{"start":{"line":66,"column":2},"end":{"line":88,"column":3}},"34":{"start":{"line":67,"column":29},"end":{"line":76,"column":6}},"35":{"start":{"line":78,"column":4},"end":{"line":80,"column":5}},"36":{"start":{"line":79,"column":6},"end":{"line":79,"column":64}},"37":{"start":{"line":82,"column":19},"end":{"line":82,"column":68}},"38":{"start":{"line":82,"column":57},"end":{"line":82,"column":67}},"39":{"start":{"line":84,"column":4},"end":{"line":84,"column":20}},"40":{"start":{"line":86,"column":4},"end":{"line":86,"column":57}},"41":{"start":{"line":87,"column":4},"end":{"line":87,"column":60}}},"fnMap":{"0":{"name":"(anonymous_0)","decl":{"start":{"line":3,"column":29},"end":{"line":3,"column":30}},"loc":{"start":{"line":3,"column":49},"end":{"line":36,"column":3}},"line":3},"1":{"name":"(anonymous_1)","decl":{"start":{"line":38,"column":30},"end":{"line":38,"column":31}},"loc":{"start":{"line":38,"column":50},"end":{"line":58,"column":1}},"line":38},"2":{"name":"(anonymous_2)","decl":{"start":{"line":59,"column":31},"end":{"line":59,"column":32}},"loc":{"start":{"line":59,"column":51},"end":{"line":89,"column":1}},"line":59},"3":{"name":"(anonymous_3)","decl":{"start":{"line":82,"column":49},"end":{"line":82,"column":50}},"loc":{"start":{"line":82,"column":57},"end":{"line":82,"column":67}},"line":82}},"branchMap":{"0":{"loc":{"start":{"line":9,"column":4},"end":{"line":11,"column":5}},"type":"if","locations":[{"start":{"line":9,"column":4},"end":{"line":11,"column":5}},{"start":{},"end":{}}],"line":9},"1":{"loc":{"start":{"line":20,"column":8},"end":{"line":24,"column":9}},"type":"if","locations":[{"start":{"line":20,"column":8},"end":{"line":24,"column":9}},{"start":{},"end":{}}],"line":20},"2":{"loc":{"start":{"line":20,"column":12},"end":{"line":20,"column":25}},"type":"binary-expr","locations":[{"start":{"line":20,"column":12},"end":{"line":20,"column":17}},{"start":{"line":20,"column":21},"end":{"line":20,"column":25}}],"line":20},"3":{"loc":{"start":{"line":21,"column":10},"end":{"line":21,"column":53}},"type":"if","locations":[{"start":{"line":21,"column":10},"end":{"line":21,"column":53}},{"start":{},"end":{}}],"line":21},"4":{"loc":{"start":{"line":22,"column":10},"end":{"line":22,"column":55}},"type":"if","locations":[{"start":{"line":22,"column":10},"end":{"line":22,"column":55}},{"start":{},"end":{}}],"line":22},"5":{"loc":{"start":{"line":51,"column":4},"end":{"line":51,"column":73}},"type":"if","locations":[{"start":{"line":51,"column":4},"end":{"line":51,"column":73}},{"start":{},"end":{}}],"line":51},"6":{"loc":{"start":{"line":62,"column":2},"end":{"line":64,"column":3}},"type":"if","locations":[{"start":{"line":62,"column":2},"end":{"line":64,"column":3}},{"start":{},"end":{}}],"line":62},"7":{"loc":{"start":{"line":78,"column":4},"end":{"line":80,"column":5}},"type":"if","locations":[{"start":{"line":78,"column":4},"end":{"line":80,"column":5}},{"start":{},"end":{}}],"line":78}},"s":{"0":7,"1":0,"2":0,"3":0,"4":0,"5":0,"6":0,"7":0,"8":0,"9":0,"10":0,"11":0,"12":0,"13":0,"14":0,"15":0,"16":0,"17":0,"18":0,"19":0,"20":0,"21":7,"22":0,"23":0,"24":0,"25":0,"26":0,"27":0,"28":0,"29":7,"30":0,"31":0,"32":0,"33":0,"34":0,"35":0,"36":0,"37":0,"38":0,"39":0,"40":0,"41":0},"f":{"0":0,"1":0,"2":0,"3":0},"b":{"0":[0,0],"1":[0,0],"2":[0,0],"3":[0,0],"4":[0,0],"5":[0,0],"6":[0,0],"7":[0,0]},"_coverageSchema":"1a1c01bbd47fc00a2c39e90264f33305004495a9","hash":"7458b87981e53decfabc33b3b431eb20138c8d91"}
,"/Users/shivamgupta/Desktop/Online_Auction/online-auction-backend/src/middleware/auth.middleware.js": {"path":"/Users/shivamgupta/Desktop/Online_Auction/online-auction-backend/src/middleware/auth.middleware.js","statementMap":{"0":{"start":{"line":3,"column":23},"end":{"line":19,"column":1}},"1":{"start":{"line":4,"column":21},"end":{"line":4,"column":46}},"2":{"start":{"line":6,"column":2},"end":{"line":8,"column":3}},"3":{"start":{"line":7,"column":4},"end":{"line":7,"column":79}},"4":{"start":{"line":10,"column":16},"end":{"line":10,"column":40}},"5":{"start":{"line":12,"column":2},"end":{"line":18,"column":3}},"6":{"start":{"line":13,"column":20},"end":{"line":13,"column":61}},"7":{"start":{"line":14,"column":4},"end":{"line":14,"column":22}},"8":{"start":{"line":15,"column":4},"end":{"line":15,"column":10}},"9":{"start":{"line":17,"column":4},"end":{"line":17,"column":72}}},"fnMap":{"0":{"name":"(anonymous_0)","decl":{"start":{"line":3,"column":23},"end":{"line":3,"column":24}},"loc":{"start":{"line":3,"column":43},"end":{"line":19,"column":1}},"line":3}},"branchMap":{"0":{"loc":{"start":{"line":6,"column":2},"end":{"line":8,"column":3}},"type":"if","locations":[{"start":{"line":6,"column":2},"end":{"line":8,"column":3}},{"start":{},"end":{}}],"line":6},"1":{"loc":{"start":{"line":6,"column":6},"end":{"line":6,"column":54}},"type":"binary-expr","locations":[{"start":{"line":6,"column":6},"end":{"line":6,"column":17}},{"start":{"line":6,"column":21},"end":{"line":6,"column":54}}],"line":6}},"s":{"0":7,"1":5,"2":5,"3":0,"4":5,"5":5,"6":5,"7":5,"8":5,"9":0},"f":{"0":5},"b":{"0":[0,5],"1":[5,5]},"_coverageSchema":"1a1c01bbd47fc00a2c39e90264f33305004495a9","hash":"75a26117eb5c3a8ce58bc7ccaeee0d8e9612891f"}
,"/Users/shivamgupta/Desktop/Online_Auction/online-auction-backend/src/middleware/role.js": {"path":"/Users/shivamgupta/Desktop/Online_Auction/online-auction-backend/src/middleware/role.js","statementMap":{"0":{"start":{"line":3,"column":27},"end":{"line":24,"column":1}},"1":{"start":{"line":3,"column":38},"end":{"line":24,"column":1}},"2":{"start":{"line":4,"column":21},"end":{"line":4,"column":46}},"3":{"start":{"line":6,"column":2},"end":{"line":8,"column":3}},"4":{"start":{"line":7,"column":4},"end":{"line":7,"column":79}},"5":{"start":{"line":10,"column":16},"end":{"line":10,"column":40}},"6":{"start":{"line":12,"column":2},"end":{"line":23,"column":3}},"7":{"start":{"line":13,"column":20},"end":{"line":13,"column":61}},"8":{"start":{"line":15,"column":4},"end":{"line":17,"column":5}},"9":{"start":{"line":16,"column":6},"end":{"line":16,"column":78}},"10":{"start":{"line":19,"column":4},"end":{"line":19,"column":22}},"11":{"start":{"line":20,"column":4},"end":{"line":20,"column":10}},"12":{"start":{"line":22,"column":4},"end":{"line":22,"column":72}}},"fnMap":{"0":{"name":"(anonymous_0)","decl":{"start":{"line":3,"column":27},"end":{"line":3,"column":28}},"loc":{"start":{"line":3,"column":38},"end":{"line":24,"column":1}},"line":3},"1":{"name":"(anonymous_1)","decl":{"start":{"line":3,"column":38},"end":{"line":3,"column":39}},"loc":{"start":{"line":3,"column":58},"end":{"line":24,"column":1}},"line":3}},"branchMap":{"0":{"loc":{"start":{"line":6,"column":2},"end":{"line":8,"column":3}},"type":"if","locations":[{"start":{"line":6,"column":2},"end":{"line":8,"column":3}},{"start":{},"end":{}}],"line":6},"1":{"loc":{"start":{"line":6,"column":6},"end":{"line":6,"column":54}},"type":"binary-expr","locations":[{"start":{"line":6,"column":6},"end":{"line":6,"column":17}},{"start":{"line":6,"column":21},"end":{"line":6,"column":54}}],"line":6},"2":{"loc":{"start":{"line":15,"column":4},"end":{"line":17,"column":5}},"type":"if","locations":[{"start":{"line":15,"column":4},"end":{"line":17,"column":5}},{"start":{},"end":{}}],"line":15}},"s":{"0":7,"1":63,"2":5,"3":5,"4":0,"5":5,"6":5,"7":5,"8":5,"9":3,"10":2,"11":2,"12":0},"f":{"0":63,"1":5},"b":{"0":[0,5],"1":[5,5],"2":[3,2]},"_coverageSchema":"1a1c01bbd47fc00a2c39e90264f33305004495a9","hash":"e7a609aa25727c6a117b891cb27150d2656c610d"}
,"/Users/shivamgupta/Desktop/Online_Auction/online-auction-backend/src/middleware/validate.js": {"path":"/Users/shivamgupta/Desktop/Online_Auction/online-auction-backend/src/middleware/validate.js","statementMap":{"0":{"start":{"line":2,"column":24},"end":{"line":11,"column":3}},"1":{"start":{"line":2,"column":36},"end":{"line":11,"column":3}},"2":{"start":{"line":3,"column":4},"end":{"line":10,"column":5}},"3":{"start":{"line":4,"column":6},"end":{"line":4,"column":39}},"4":{"start":{"line":5,"column":6},"end":{"line":5,"column":12}},"5":{"start":{"line":7,"column":6},"end":{"line":9,"column":8}},"6":{"start":{"line":8,"column":35},"end":{"line":8,"column":44}}},"fnMap":{"0":{"name":"(anonymous_0)","decl":{"start":{"line":2,"column":24},"end":{"line":2,"column":25}},"loc":{"start":{"line":2,"column":36},"end":{"line":11,"column":3}},"line":2},"1":{"name":"(anonymous_1)","decl":{"start":{"line":2,"column":36},"end":{"line":2,"column":37}},"loc":{"start":{"line":2,"column":56},"end":{"line":11,"column":3}},"line":2},"2":{"name":"(anonymous_2)","decl":{"start":{"line":8,"column":30},"end":{"line":8,"column":31}},"loc":{"start":{"line":8,"column":35},"end":{"line":8,"column":44}},"line":8}},"branchMap":{},"s":{"0":7,"1":35,"2":4,"3":4,"4":3,"5":1,"6":7},"f":{"0":35,"1":4,"2":7},"b":{},"_coverageSchema":"1a1c01bbd47fc00a2c39e90264f33305004495a9","hash":"bde26235385b916968ea1d5c4351dba091f18075"}
,"/Users/shivamgupta/Desktop/Online_Auction/online-auction-backend/src/routes/auth.routes.js": {"path":"/Users/shivamgupta/Desktop/Online_Auction/online-auction-backend/src/routes/auth.routes.js","statementMap":{"0":{"start":{"line":7,"column":15},"end":{"line":7,"column":31}},"1":{"start":{"line":10,"column":0},"end":{"line":10,"column":60}},"2":{"start":{"line":11,"column":0},"end":{"line":11,"column":51}},"3":{"start":{"line":14,"column":0},"end":{"line":14,"column":40}}},"fnMap":{},"branchMap":{},"s":{"0":7,"1":7,"2":7,"3":7},"f":{},"b":{},"_coverageSchema":"1a1c01bbd47fc00a2c39e90264f33305004495a9","hash":"d830135e39ce0f6bf86de2e11c8967588b41b772"}
,"/Users/shivamgupta/Desktop/Online_Auction/online-auction-backend/src/routes/bid.routes.js": {"path":"/Users/shivamgupta/Desktop/Online_Auction/online-auction-backend/src/routes/bid.routes.js","statementMap":{"0":{"start":{"line":16,"column":15},"end":{"line":16,"column":31}},"1":{"start":{"line":19,"column":0},"end":{"line":25,"column":1}},"2":{"start":{"line":28,"column":0},"end":{"line":33,"column":1}},"3":{"start":{"line":36,"column":0},"end":{"line":41,"column":1}},"4":{"start":{"line":44,"column":0},"end":{"line":44,"column":45}},"5":{"start":{"line":45,"column":0},"end":{"line":45,"column":49}},"6":{"start":{"line":46,"column":0},"end":{"line":46,"column":63}}},"fnMap":{},"branchMap":{},"s":{"0":7,"1":7,"2":7,"3":7,"4":7,"5":7,"6":7},"f":{},"b":{},"_coverageSchema":"1a1c01bbd47fc00a2c39e90264f33305004495a9","hash":"295f519da98179c0775e2a4a4433a6cea5d9f8b2"}
,"/Users/shivamgupta/Desktop/Online_Auction/online-auction-backend/src/routes/category.routes.js": {"path":"/Users/shivamgupta/Desktop/Online_Auction/online-auction-backend/src/routes/category.routes.js","statementMap":{"0":{"start":{"line":4,"column":15},"end":{"line":4,"column":31}},"1":{"start":{"line":6,"column":0},"end":{"line":6,"column":33}}},"fnMap":{},"branchMap":{},"s":{"0":7,"1":7},"f":{},"b":{},"_coverageSchema":"1a1c01bbd47fc00a2c39e90264f33305004495a9","hash":"cb7fabe2a15e3922b78f813a8bd93b91b104203c"}
,"/Users/shivamgupta/Desktop/Online_Auction/online-auction-backend/src/routes/package.routes.js": {"path":"/Users/shivamgupta/Desktop/Online_Auction/online-auction-backend/src/routes/package.routes.js","statementMap":{"0":{"start":{"line":4,"column":15},"end":{"line":4,"column":31}},"1":{"start":{"line":6,"column":0},"end":{"line":6,"column":31}}},"fnMap":{},"branchMap":{},"s":{"0":7,"1":7},"f":{},"b":{},"_coverageSchema":"1a1c01bbd47fc00a2c39e90264f33305004495a9","hash":"670ce2a823e2ab6b9169e49aae2574011dd2effd"}
,"/Users/shivamgupta/Desktop/Online_Auction/online-auction-backend/src/routes/product.routes.js": {"path":"/Users/shivamgupta/Desktop/Online_Auction/online-auction-backend/src/routes/product.routes.js","statementMap":{"0":{"start":{"line":18,"column":15},"end":{"line":18,"column":31}},"1":{"start":{"line":20,"column":0},"end":{"line":20,"column":51}},"2":{"start":{"line":24,"column":0},"end":{"line":24,"column":31}},"3":{"start":{"line":26,"column":0},"end":{"line":26,"column":75}},"4":{"start":{"line":28,"column":0},"end":{"line":34,"column":1}},"5":{"start":{"line":36,"column":0},"end":{"line":42,"column":1}}},"fnMap":{},"branchMap":{},"s":{"0":7,"1":7,"2":7,"3":7,"4":7,"5":7},"f":{},"b":{},"_coverageSchema":"1a1c01bbd47fc00a2c39e90264f33305004495a9","hash":"13a1c9aebfbefbb5712952093272aacefd7e41d5"}
,"/Users/shivamgupta/Desktop/Online_Auction/online-auction-backend/src/routes/seller.routes.js": {"path":"/Users/shivamgupta/Desktop/Online_Auction/online-auction-backend/src/routes/seller.routes.js","statementMap":{"0":{"start":{"line":11,"column":15},"end":{"line":11,"column":31}},"1":{"start":{"line":13,"column":0},"end":{"line":13,"column":83}},"2":{"start":{"line":15,"column":0},"end":{"line":15,"column":93}},"3":{"start":{"line":17,"column":0},"end":{"line":22,"column":1}}},"fnMap":{},"branchMap":{},"s":{"0":7,"1":7,"2":7,"3":7},"f":{},"b":{},"_coverageSchema":"1a1c01bbd47fc00a2c39e90264f33305004495a9","hash":"43dcd6a04ff6c44fa01c171300df9772ec1a3794"}
,"/Users/shivamgupta/Desktop/Online_Auction/online-auction-backend/src/routes/user.routes.js": {"path":"/Users/shivamgupta/Desktop/Online_Auction/online-auction-backend/src/routes/user.routes.js","statementMap":{"0":{"start":{"line":6,"column":15},"end":{"line":6,"column":31}},"1":{"start":{"line":8,"column":0},"end":{"line":8,"column":59}},"2":{"start":{"line":11,"column":0},"end":{"line":11,"column":60}}},"fnMap":{},"branchMap":{},"s":{"0":7,"1":7,"2":7},"f":{},"b":{},"_coverageSchema":"1a1c01bbd47fc00a2c39e90264f33305004495a9","hash":"41f0200853286fe8f64b007eb5ad604f6a030c45"}
,"/Users/shivamgupta/Desktop/Online_Auction/online-auction-backend/src/utils/auctionUtils.js": {"path":"/Users/shivamgupta/Desktop/Online_Auction/online-auction-backend/src/utils/auctionUtils.js","statementMap":{"0":{"start":{"line":2,"column":31},"end":{"line":5,"column":1}},"1":{"start":{"line":3,"column":16},"end":{"line":3,"column":26}},"2":{"start":{"line":4,"column":4},"end":{"line":4,"column":65}},"3":{"start":{"line":8,"column":32},"end":{"line":10,"column":1}},"4":{"start":{"line":9,"column":4},"end":{"line":9,"column":41}},"5":{"start":{"line":13,"column":32},"end":{"line":25,"column":1}},"6":{"start":{"line":14,"column":16},"end":{"line":14,"column":26}},"7":{"start":{"line":15,"column":20},"end":{"line":15,"column":45}},"8":{"start":{"line":17,"column":22},"end":{"line":17,"column":35}},"9":{"start":{"line":18,"column":21},"end":{"line":18,"column":47}},"10":{"start":{"line":20,"column":30},"end":{"line":22,"column":26}},"11":{"start":{"line":24,"column":4},"end":{"line":24,"column":53}}},"fnMap":{"0":{"name":"(anonymous_0)","decl":{"start":{"line":2,"column":31},"end":{"line":2,"column":32}},"loc":{"start":{"line":2,"column":59},"end":{"line":5,"column":1}},"line":2},"1":{"name":"(anonymous_1)","decl":{"start":{"line":8,"column":32},"end":{"line":8,"column":33}},"loc":{"start":{"line":8,"column":45},"end":{"line":10,"column":1}},"line":8},"2":{"name":"(anonymous_2)","decl":{"start":{"line":13,"column":32},"end":{"line":13,"column":33}},"loc":{"start":{"line":13,"column":45},"end":{"line":25,"column":1}},"line":13}},"branchMap":{"0":{"loc":{"start":{"line":4,"column":11},"end":{"line":4,"column":65}},"type":"binary-expr","locations":[{"start":{"line":4,"column":11},"end":{"line":4,"column":37}},{"start":{"line":4,"column":41},"end":{"line":4,"column":65}}],"line":4}},"s":{"0":7,"1":0,"2":0,"3":7,"4":0,"5":7,"6":0,"7":0,"8":0,"9":0,"10":0,"11":0},"f":{"0":0,"1":0,"2":0},"b":{"0":[0,0]},"_coverageSchema":"1a1c01bbd47fc00a2c39e90264f33305004495a9","hash":"1ec92d3c41d66d9129f9cdea912c72552a6c3b94"}
,"/Users/shivamgupta/Desktop/Online_Auction/online-auction-backend/src/utils/auth.js": {"path":"/Users/shivamgupta/Desktop/Online_Auction/online-auction-backend/src/utils/auth.js","statementMap":{"0":{"start":{"line":3,"column":29},"end":{"line":4,"column":64}},"1":{"start":{"line":4,"column":2},"end":{"line":4,"column":64}},"2":{"start":{"line":6,"column":27},"end":{"line":7,"column":43}},"3":{"start":{"line":7,"column":2},"end":{"line":7,"column":43}}},"fnMap":{"0":{"name":"(anonymous_0)","decl":{"start":{"line":3,"column":29},"end":{"line":3,"column":30}},"loc":{"start":{"line":4,"column":2},"end":{"line":4,"column":64}},"line":4},"1":{"name":"(anonymous_1)","decl":{"start":{"line":6,"column":27},"end":{"line":6,"column":28}},"loc":{"start":{"line":7,"column":2},"end":{"line":7,"column":43}},"line":7}},"branchMap":{},"s":{"0":7,"1":2,"2":7,"3":0},"f":{"0":2,"1":0},"b":{},"_coverageSchema":"1a1c01bbd47fc00a2c39e90264f33305004495a9","hash":"fefa6baf5904081629bb2415194b1a3f80d467ea"}
,"/Users/shivamgupta/Desktop/Online_Auction/online-auction-backend/src/validators/auth.validator.js": {"path":"/Users/shivamgupta/Desktop/Online_Auction/online-auction-backend/src/validators/auth.validator.js","statementMap":{"0":{"start":{"line":3,"column":30},"end":{"line":16,"column":4}},"1":{"start":{"line":14,"column":23},"end":{"line":14,"column":74}},"2":{"start":{"line":19,"column":27},"end":{"line":27,"column":2}}},"fnMap":{"0":{"name":"(anonymous_0)","decl":{"start":{"line":14,"column":16},"end":{"line":14,"column":17}},"loc":{"start":{"line":14,"column":23},"end":{"line":14,"column":74}},"line":14}},"branchMap":{},"s":{"0":7,"1":0,"2":7},"f":{"0":0},"b":{},"_coverageSchema":"1a1c01bbd47fc00a2c39e90264f33305004495a9","hash":"b86cad39aa29a55b240d0cc1e0ef57bf76dc4f24"}
,"/Users/shivamgupta/Desktop/Online_Auction/online-auction-backend/src/validators/bid.validator.js": {"path":"/Users/shivamgupta/Desktop/Online_Auction/online-auction-backend/src/validators/bid.validator.js","statementMap":{"0":{"start":{"line":3,"column":25},"end":{"line":13,"column":2}}},"fnMap":{},"branchMap":{},"s":{"0":7},"f":{},"b":{},"_coverageSchema":"1a1c01bbd47fc00a2c39e90264f33305004495a9","hash":"ea103ac37be5b985b5cd5ea05f38e94bbdbed978"}
,"/Users/shivamgupta/Desktop/Online_Auction/online-auction-backend/src/validators/product.validator.js": {"path":"/Users/shivamgupta/Desktop/Online_Auction/online-auction-backend/src/validators/product.validator.js","statementMap":{"0":{"start":{"line":4,"column":26},"end":{"line":12,"column":2}},"1":{"start":{"line":15,"column":29},"end":{"line":21,"column":1}},"2":{"start":{"line":16,"column":10},"end":{"line":16,"column":39}},"3":{"start":{"line":24,"column":35},"end":{"line":24,"column":62}}},"fnMap":{"0":{"name":"(anonymous_0)","decl":{"start":{"line":16,"column":2},"end":{"line":16,"column":3}},"loc":{"start":{"line":16,"column":10},"end":{"line":16,"column":39}},"line":16}},"branchMap":{},"s":{"0":7,"1":7,"2":1,"3":7},"f":{"0":1},"b":{},"_coverageSchema":"1a1c01bbd47fc00a2c39e90264f33305004495a9","hash":"71990b730f8a4238aa0f9fdf503e7eec0ca49036"}
,"/Users/shivamgupta/Desktop/Online_Auction/online-auction-backend/tests/utils/cleanUpDb.js": {"path":"/Users/shivamgupta/Desktop/Online_Auction/online-auction-backend/tests/utils/cleanUpDb.js","statementMap":{"0":{"start":{"line":4,"column":27},"end":{"line":12,"column":3}},"1":{"start":{"line":5,"column":4},"end":{"line":5,"column":50}},"2":{"start":{"line":6,"column":4},"end":{"line":6,"column":33}},"3":{"start":{"line":7,"column":4},"end":{"line":7,"column":37}},"4":{"start":{"line":8,"column":4},"end":{"line":8,"column":41}},"5":{"start":{"line":9,"column":4},"end":{"line":9,"column":37}},"6":{"start":{"line":10,"column":4},"end":{"line":10,"column":34}},"7":{"start":{"line":11,"column":4},"end":{"line":11,"column":38}}},"fnMap":{"0":{"name":"(anonymous_0)","decl":{"start":{"line":4,"column":27},"end":{"line":4,"column":28}},"loc":{"start":{"line":4,"column":39},"end":{"line":12,"column":3}},"line":4}},"branchMap":{},"s":{"0":5,"1":5,"2":5,"3":5,"4":5,"5":5,"6":5,"7":4},"f":{"0":5},"b":{},"_coverageSchema":"1a1c01bbd47fc00a2c39e90264f33305004495a9","hash":"e4068ee610ab1b7bc99f33d4d2edf575f096a6aa"}
,"/Users/shivamgupta/Desktop/Online_Auction/online-auction-backend/tests/utils/helpers.js": {"path":"/Users/shivamgupta/Desktop/Online_Auction/online-auction-backend/tests/utils/helpers.js","statementMap":{"0":{"start":{"line":4,"column":34},"end":{"line":12,"column":4}},"1":{"start":{"line":5,"column":2},"end":{"line":12,"column":4}},"2":{"start":{"line":14,"column":30},"end":{"line":15,"column":44}},"3":{"start":{"line":15,"column":2},"end":{"line":15,"column":44}},"4":{"start":{"line":17,"column":29},"end":{"line":27,"column":4}},"5":{"start":{"line":18,"column":2},"end":{"line":27,"column":4}},"6":{"start":{"line":29,"column":25},"end":{"line":30,"column":62}},"7":{"start":{"line":30,"column":2},"end":{"line":30,"column":62}}},"fnMap":{"0":{"name":"(anonymous_0)","decl":{"start":{"line":4,"column":34},"end":{"line":4,"column":35}},"loc":{"start":{"line":5,"column":2},"end":{"line":12,"column":4}},"line":5},"1":{"name":"(anonymous_1)","decl":{"start":{"line":14,"column":30},"end":{"line":14,"column":31}},"loc":{"start":{"line":15,"column":2},"end":{"line":15,"column":44}},"line":15},"2":{"name":"(anonymous_2)","decl":{"start":{"line":17,"column":29},"end":{"line":17,"column":30}},"loc":{"start":{"line":18,"column":2},"end":{"line":27,"column":4}},"line":18},"3":{"name":"(anonymous_3)","decl":{"start":{"line":29,"column":25},"end":{"line":29,"column":26}},"loc":{"start":{"line":30,"column":2},"end":{"line":30,"column":62}},"line":30}},"branchMap":{"0":{"loc":{"start":{"line":4,"column":41},"end":{"line":4,"column":56}},"type":"default-arg","locations":[{"start":{"line":4,"column":48},"end":{"line":4,"column":56}}],"line":4},"1":{"loc":{"start":{"line":14,"column":37},"end":{"line":14,"column":68}},"type":"default-arg","locations":[{"start":{"line":14,"column":44},"end":{"line":14,"column":68}}],"line":14}},"s":{"0":5,"1":5,"2":5,"3":3,"4":5,"5":1,"6":5,"7":0},"f":{"0":5,"1":3,"2":1,"3":0},"b":{"0":[0],"1":[2]},"_coverageSchema":"1a1c01bbd47fc00a2c39e90264f33305004495a9","hash":"dcbb6c5dfafc66785192f45f176baa62e73fa98a"}
,"/Users/shivamgupta/Desktop/Online_Auction/online-auction-backend/tests/utils/testToken.js": {"path":"/Users/shivamgupta/Desktop/Online_Auction/online-auction-backend/tests/utils/testToken.js","statementMap":{"0":{"start":{"line":9,"column":16},"end":{"line":17,"column":3}},"1":{"start":{"line":19,"column":2},"end":{"line":19,"column":26}}},"fnMap":{"0":{"name":"getToken","decl":{"start":{"line":8,"column":16},"end":{"line":8,"column":24}},"loc":{"start":{"line":8,"column":31},"end":{"line":20,"column":1}},"line":8}},"branchMap":{"0":{"loc":{"start":{"line":15,"column":4},"end":{"line":15,"column":42}},"type":"binary-expr","locations":[{"start":{"line":15,"column":4},"end":{"line":15,"column":26}},{"start":{"line":15,"column":30},"end":{"line":15,"column":42}}],"line":15}},"s":{"0":4,"1":4},"f":{"0":4},"b":{"0":[4,0]},"_coverageSchema":"1a1c01bbd47fc00a2c39e90264f33305004495a9","hash":"563aafa13ef5619105c49d5d18f7b015a8615a17"}
}
