TN:
SF:src/app.js
FN:31,(anonymous_0)
FN:55,(anonymous_1)
FNF:2
FNH:1
FNDA:7,(anonymous_0)
FNDA:0,(anonymous_1)
DA:5,7
DA:22,7
DA:24,7
DA:27,7
DA:28,7
DA:31,7
DA:32,7
DA:33,7
DA:37,7
DA:40,7
DA:42,7
DA:44,7
DA:46,7
DA:48,7
DA:50,7
DA:55,7
LF:16
LH:16
BRF:0
BRH:0
end_of_record
TN:
SF:src/prismaClient.js
FNF:0
FNH:0
DA:2,7
LF:1
LH:1
BRF:0
BRH:0
end_of_record
TN:
SF:src/controllers/auth.controller.js
FN:6,(anonymous_0)
FN:45,(anonymous_1)
FN:71,(anonymous_2)
FNF:3
FNH:2
FNDA:1,(anonymous_0)
FNDA:1,(anonymous_1)
FNDA:0,(anonymous_2)
DA:6,7
DA:7,1
DA:8,1
DA:10,1
DA:11,1
DA:12,0
DA:16,1
DA:17,1
DA:21,1
DA:22,0
DA:25,1
DA:27,1
DA:36,1
DA:37,1
DA:39,0
DA:40,0
DA:45,7
DA:46,1
DA:48,1
DA:49,1
DA:53,1
DA:54,0
DA:57,1
DA:59,1
DA:60,0
DA:63,1
DA:64,1
DA:66,0
DA:67,0
DA:71,7
DA:72,0
DA:73,0
DA:75,0
LF:33
LH:22
BRDA:11,0,0,0
BRDA:11,0,1,1
BRDA:21,1,0,0
BRDA:21,1,1,1
BRDA:53,2,0,0
BRDA:53,2,1,1
BRDA:59,3,0,0
BRDA:59,3,1,1
BRF:8
BRH:4
end_of_record
TN:
SF:src/controllers/bid.controller.js
FN:7,(anonymous_0)
FN:49,(anonymous_1)
FN:91,(anonymous_2)
FN:116,(anonymous_3)
FN:147,(anonymous_4)
FN:150,(anonymous_5)
FN:159,(anonymous_6)
FN:178,(anonymous_7)
FN:190,(anonymous_8)
FN:206,(anonymous_9)
FN:224,(anonymous_10)
FNF:11
FNH:0
FNDA:0,(anonymous_0)
FNDA:0,(anonymous_1)
FNDA:0,(anonymous_2)
FNDA:0,(anonymous_3)
FNDA:0,(anonymous_4)
FNDA:0,(anonymous_5)
FNDA:0,(anonymous_6)
FNDA:0,(anonymous_7)
FNDA:0,(anonymous_8)
FNDA:0,(anonymous_9)
FNDA:0,(anonymous_10)
DA:7,7
DA:8,0
DA:9,0
DA:10,0
DA:11,0
DA:13,0
DA:14,0
DA:15,0
DA:17,0
DA:18,0
DA:20,0
DA:32,0
DA:42,0
DA:43,0
DA:49,7
DA:50,0
DA:51,0
DA:53,0
DA:58,0
DA:60,0
DA:61,0
DA:65,0
DA:66,0
DA:69,0
DA:74,0
DA:75,0
DA:76,0
DA:79,0
DA:87,0
DA:91,7
DA:92,0
DA:94,0
DA:95,0
DA:105,0
DA:106,0
DA:109,0
DA:111,0
DA:112,0
DA:116,7
DA:117,0
DA:118,0
DA:120,0
DA:122,0
DA:126,0
DA:127,0
DA:128,0
DA:130,0
DA:138,0
DA:139,0
DA:147,0
DA:148,0
DA:149,0
DA:150,0
DA:151,0
DA:153,0
DA:155,0
DA:156,0
DA:159,7
DA:160,0
DA:162,0
DA:163,0
DA:171,0
DA:172,0
DA:178,0
DA:179,0
DA:181,0
DA:183,0
DA:184,0
DA:190,7
DA:191,0
DA:193,0
DA:195,0
DA:203,0
DA:206,0
DA:209,0
DA:218,0
DA:219,0
DA:220,0
DA:224,0
DA:230,0
DA:232,0
DA:233,0
LF:82
LH:6
BRDA:9,0,0,0
BRDA:9,0,1,0
BRDA:10,1,0,0
BRDA:10,1,1,0
BRDA:14,2,0,0
BRDA:14,2,1,0
BRDA:15,3,0,0
BRDA:15,3,1,0
BRDA:58,4,0,0
BRDA:58,4,1,0
BRDA:60,5,0,0
BRDA:60,5,1,0
BRDA:65,6,0,0
BRDA:65,6,1,0
BRDA:74,7,0,0
BRDA:74,7,1,0
BRDA:75,8,0,0
BRDA:75,8,1,0
BRDA:105,9,0,0
BRDA:105,9,1,0
BRDA:126,10,0,0
BRDA:126,10,1,0
BRDA:127,11,0,0
BRDA:127,11,1,0
BRDA:138,12,0,0
BRDA:138,12,1,0
BRDA:171,13,0,0
BRDA:171,13,1,0
BRDA:203,14,0,0
BRDA:203,14,1,0
BRF:30
BRH:0
end_of_record
TN:
SF:src/controllers/category.controller.js
FN:3,(anonymous_0)
FNF:1
FNH:0
FNDA:0,(anonymous_0)
DA:3,7
DA:4,0
DA:5,0
DA:6,0
DA:8,0
DA:9,0
LF:6
LH:1
BRF:0
BRH:0
end_of_record
TN:
SF:src/controllers/package.controller.js
FN:3,(anonymous_0)
FNF:1
FNH:0
FNDA:0,(anonymous_0)
DA:3,7
DA:4,0
DA:5,0
DA:6,0
DA:8,0
DA:9,0
LF:6
LH:1
BRF:0
BRH:0
end_of_record
TN:
SF:src/controllers/product.controller.js
FN:7,(anonymous_0)
FN:33,(anonymous_1)
FN:48,(anonymous_2)
FN:87,(anonymous_3)
FN:89,(anonymous_4)
FN:108,(anonymous_5)
FN:132,(anonymous_6)
FN:152,(anonymous_7)
FN:173,(anonymous_8)
FN:182,(anonymous_9)
FN:187,(anonymous_10)
FN:208,(anonymous_11)
FN:236,(anonymous_12)
FN:295,(anonymous_13)
FN:297,(anonymous_14)
FN:316,(anonymous_15)
FN:330,(anonymous_16)
FN:360,(anonymous_17)
FN:370,(anonymous_18)
FN:372,(anonymous_19)
FN:374,(anonymous_20)
FN:406,(anonymous_21)
FNF:22
FNH:1
FNDA:1,(anonymous_0)
FNDA:0,(anonymous_1)
FNDA:0,(anonymous_2)
FNDA:0,(anonymous_3)
FNDA:0,(anonymous_4)
FNDA:0,(anonymous_5)
FNDA:0,(anonymous_6)
FNDA:0,(anonymous_7)
FNDA:0,(anonymous_8)
FNDA:0,(anonymous_9)
FNDA:0,(anonymous_10)
FNDA:0,(anonymous_11)
FNDA:0,(anonymous_12)
FNDA:0,(anonymous_13)
FNDA:0,(anonymous_14)
FNDA:0,(anonymous_15)
FNDA:0,(anonymous_16)
FNDA:0,(anonymous_17)
FNDA:0,(anonymous_18)
FNDA:0,(anonymous_19)
FNDA:0,(anonymous_20)
FNDA:0,(anonymous_21)
DA:7,7
DA:8,1
DA:9,1
DA:11,1
DA:12,1
DA:25,0
DA:27,1
DA:28,1
DA:33,7
DA:34,0
DA:35,0
DA:40,0
DA:42,0
DA:43,0
DA:48,7
DA:49,0
DA:50,0
DA:52,0
DA:54,0
DA:55,0
DA:58,0
DA:59,0
DA:62,0
DA:63,0
DA:64,0
DA:65,0
DA:68,0
DA:87,0
DA:88,0
DA:89,0
DA:91,0
DA:100,0
DA:102,0
DA:103,0
DA:108,7
DA:109,0
DA:111,0
DA:112,0
DA:120,0
DA:121,0
DA:124,0
DA:132,0
DA:133,0
DA:135,0
DA:137,0
DA:146,0
DA:147,0
DA:152,7
DA:153,0
DA:154,0
DA:156,0
DA:157,0
DA:168,0
DA:169,0
DA:170,0
DA:171,0
DA:173,0
DA:174,0
DA:175,0
DA:176,0
DA:178,0
DA:179,0
DA:181,0
DA:182,0
DA:185,0
DA:187,0
DA:191,0
DA:208,0
DA:209,0
DA:210,0
DA:212,0
DA:214,0
DA:219,0
DA:230,0
DA:231,0
DA:236,7
DA:237,0
DA:239,0
DA:240,0
DA:246,0
DA:247,0
DA:250,0
DA:251,0
DA:252,0
DA:253,0
DA:254,0
DA:257,0
DA:271,0
DA:285,0
DA:286,0
DA:287,0
DA:288,0
DA:289,0
DA:292,0
DA:293,0
DA:294,0
DA:295,0
DA:296,0
DA:297,0
DA:299,0
DA:301,0
DA:314,0
DA:315,0
DA:316,0
DA:318,0
DA:322,0
DA:325,0
DA:330,0
DA:334,0
DA:337,0
DA:340,0
DA:343,0
DA:348,0
DA:349,0
DA:351,0
DA:352,0
DA:354,0
DA:355,0
DA:360,7
DA:361,0
DA:363,0
DA:364,0
DA:370,0
DA:371,0
DA:372,0
DA:373,0
DA:374,0
DA:376,0
DA:378,0
DA:392,0
DA:393,0
DA:395,0
DA:396,0
DA:397,0
DA:399,0
DA:400,0
DA:406,7
DA:407,0
DA:408,0
DA:410,0
DA:411,0
DA:415,0
DA:416,0
DA:419,0
DA:420,0
DA:423,0
DA:428,0
DA:430,0
DA:431,0
LF:149
LH:14
BRDA:54,0,0,0
BRDA:54,0,1,0
BRDA:58,1,0,0
BRDA:58,1,1,0
BRDA:62,2,0,0
BRDA:62,2,1,0
BRDA:62,3,0,0
BRDA:62,3,1,0
BRDA:64,4,0,0
BRDA:64,4,1,0
BRDA:65,5,0,0
BRDA:65,5,1,0
BRDA:89,6,0,0
BRDA:89,6,1,0
BRDA:120,7,0,0
BRDA:120,7,1,0
BRDA:132,8,0,0
BRDA:132,8,1,0
BRDA:133,9,0,0
BRDA:133,9,1,0
BRDA:154,10,0,0
BRDA:154,11,0,0
BRDA:176,12,0,0
BRDA:176,12,1,0
BRDA:179,13,0,0
BRDA:179,13,1,0
BRDA:181,14,0,0
BRDA:181,14,1,0
BRDA:185,15,0,0
BRDA:185,15,1,0
BRDA:198,16,0,0
BRDA:198,16,1,0
BRDA:212,17,0,0
BRDA:212,17,1,0
BRDA:212,18,0,0
BRDA:212,18,1,0
BRDA:214,19,0,0
BRDA:214,19,1,0
BRDA:295,20,0,0
BRDA:295,20,1,0
BRDA:296,21,0,0
BRDA:296,21,1,0
BRDA:307,22,0,0
BRDA:307,22,1,0
BRDA:315,23,0,0
BRDA:315,23,1,0
BRDA:318,24,0,0
BRDA:318,24,1,0
BRDA:328,25,0,0
BRDA:328,25,1,0
BRDA:329,26,0,0
BRDA:329,26,1,0
BRDA:372,27,0,0
BRDA:372,27,1,0
BRDA:373,28,0,0
BRDA:373,28,1,0
BRDA:384,29,0,0
BRDA:384,29,1,0
BRDA:415,30,0,0
BRDA:415,30,1,0
BRDA:419,31,0,0
BRDA:419,31,1,0
BRF:62
BRH:0
end_of_record
TN:
SF:src/controllers/user.controller.js
FN:3,(anonymous_0)
FN:38,(anonymous_1)
FN:59,(anonymous_2)
FN:82,(anonymous_3)
FNF:4
FNH:0
FNDA:0,(anonymous_0)
FNDA:0,(anonymous_1)
FNDA:0,(anonymous_2)
FNDA:0,(anonymous_3)
DA:3,7
DA:4,0
DA:5,0
DA:7,0
DA:9,0
DA:10,0
DA:13,0
DA:14,0
DA:15,0
DA:17,0
DA:18,0
DA:20,0
DA:21,0
DA:22,0
DA:23,0
DA:27,0
DA:31,0
DA:33,0
DA:34,0
DA:38,7
DA:39,0
DA:40,0
DA:51,0
DA:53,0
DA:55,0
DA:56,0
DA:59,7
DA:60,0
DA:62,0
DA:63,0
DA:66,0
DA:67,0
DA:78,0
DA:79,0
DA:82,0
DA:84,0
DA:86,0
DA:87,0
LF:38
LH:3
BRDA:9,0,0,0
BRDA:9,0,1,0
BRDA:20,1,0,0
BRDA:20,1,1,0
BRDA:20,2,0,0
BRDA:20,2,1,0
BRDA:21,3,0,0
BRDA:21,3,1,0
BRDA:22,4,0,0
BRDA:22,4,1,0
BRDA:51,5,0,0
BRDA:51,5,1,0
BRDA:62,6,0,0
BRDA:62,6,1,0
BRDA:78,7,0,0
BRDA:78,7,1,0
BRF:16
BRH:0
end_of_record
TN:
SF:src/middleware/auth.middleware.js
FN:3,(anonymous_0)
FNF:1
FNH:1
FNDA:5,(anonymous_0)
DA:3,7
DA:4,5
DA:6,5
DA:7,0
DA:10,5
DA:12,5
DA:13,5
DA:14,5
DA:15,5
DA:17,0
LF:10
LH:8
BRDA:6,0,0,0
BRDA:6,0,1,5
BRDA:6,1,0,5
BRDA:6,1,1,5
BRF:4
BRH:3
end_of_record
TN:
SF:src/middleware/role.js
FN:3,(anonymous_0)
FN:3,(anonymous_1)
FNF:2
FNH:2
FNDA:63,(anonymous_0)
FNDA:5,(anonymous_1)
DA:3,63
DA:4,5
DA:6,5
DA:7,0
DA:10,5
DA:12,5
DA:13,5
DA:15,5
DA:16,3
DA:19,2
DA:20,2
DA:22,0
LF:12
LH:10
BRDA:6,0,0,0
BRDA:6,0,1,5
BRDA:6,1,0,5
BRDA:6,1,1,5
BRDA:15,2,0,3
BRDA:15,2,1,2
BRF:6
BRH:5
end_of_record
TN:
SF:src/middleware/validate.js
FN:2,(anonymous_0)
FN:2,(anonymous_1)
FN:8,(anonymous_2)
FNF:3
FNH:3
FNDA:35,(anonymous_0)
FNDA:4,(anonymous_1)
FNDA:7,(anonymous_2)
DA:2,35
DA:3,4
DA:4,4
DA:5,3
DA:7,1
DA:8,7
LF:6
LH:6
BRF:0
BRH:0
end_of_record
TN:
SF:src/routes/auth.routes.js
FNF:0
FNH:0
DA:7,7
DA:10,7
DA:11,7
DA:14,7
LF:4
LH:4
BRF:0
BRH:0
end_of_record
TN:
SF:src/routes/bid.routes.js
FNF:0
FNH:0
DA:16,7
DA:19,7
DA:28,7
DA:36,7
DA:44,7
DA:45,7
DA:46,7
LF:7
LH:7
BRF:0
BRH:0
end_of_record
TN:
SF:src/routes/category.routes.js
FNF:0
FNH:0
DA:4,7
DA:6,7
LF:2
LH:2
BRF:0
BRH:0
end_of_record
TN:
SF:src/routes/package.routes.js
FNF:0
FNH:0
DA:4,7
DA:6,7
LF:2
LH:2
BRF:0
BRH:0
end_of_record
TN:
SF:src/routes/product.routes.js
FNF:0
FNH:0
DA:18,7
DA:20,7
DA:24,7
DA:26,7
DA:28,7
DA:36,7
LF:6
LH:6
BRF:0
BRH:0
end_of_record
TN:
SF:src/routes/seller.routes.js
FNF:0
FNH:0
DA:11,7
DA:13,7
DA:15,7
DA:17,7
LF:4
LH:4
BRF:0
BRH:0
end_of_record
TN:
SF:src/routes/user.routes.js
FNF:0
FNH:0
DA:6,7
DA:8,7
DA:11,7
LF:3
LH:3
BRF:0
BRH:0
end_of_record
TN:
SF:src/utils/auctionUtils.js
FN:2,(anonymous_0)
FN:8,(anonymous_1)
FN:13,(anonymous_2)
FNF:3
FNH:0
FNDA:0,(anonymous_0)
FNDA:0,(anonymous_1)
FNDA:0,(anonymous_2)
DA:2,7
DA:3,0
DA:4,0
DA:8,7
DA:9,0
DA:13,7
DA:14,0
DA:15,0
DA:17,0
DA:18,0
DA:20,0
DA:24,0
LF:12
LH:3
BRDA:4,0,0,0
BRDA:4,0,1,0
BRF:2
BRH:0
end_of_record
TN:
SF:src/utils/auth.js
FN:3,(anonymous_0)
FN:6,(anonymous_1)
FNF:2
FNH:1
FNDA:2,(anonymous_0)
FNDA:0,(anonymous_1)
DA:3,7
DA:4,2
DA:6,7
DA:7,0
LF:4
LH:3
BRF:0
BRH:0
end_of_record
TN:
SF:src/validators/auth.validator.js
FN:14,(anonymous_0)
FNF:1
FNH:0
FNDA:0,(anonymous_0)
DA:3,7
DA:14,0
DA:19,7
LF:3
LH:2
BRF:0
BRH:0
end_of_record
TN:
SF:src/validators/bid.validator.js
FNF:0
FNH:0
DA:3,7
LF:1
LH:1
BRF:0
BRH:0
end_of_record
TN:
SF:src/validators/product.validator.js
FN:16,(anonymous_0)
FNF:1
FNH:1
FNDA:1,(anonymous_0)
DA:4,7
DA:15,7
DA:16,1
DA:24,7
LF:4
LH:4
BRF:0
BRH:0
end_of_record
TN:
SF:tests/utils/cleanUpDb.js
FN:4,(anonymous_0)
FNF:1
FNH:1
FNDA:5,(anonymous_0)
DA:4,5
DA:5,5
DA:6,5
DA:7,5
DA:8,5
DA:9,5
DA:10,5
DA:11,4
LF:8
LH:8
BRF:0
BRH:0
end_of_record
TN:
SF:tests/utils/helpers.js
FN:4,(anonymous_0)
FN:14,(anonymous_1)
FN:17,(anonymous_2)
FN:29,(anonymous_3)
FNF:4
FNH:3
FNDA:5,(anonymous_0)
FNDA:3,(anonymous_1)
FNDA:1,(anonymous_2)
FNDA:0,(anonymous_3)
DA:4,5
DA:5,5
DA:14,5
DA:15,3
DA:17,5
DA:18,1
DA:29,5
DA:30,0
LF:8
LH:7
BRDA:4,0,0,0
BRDA:14,1,0,2
BRF:2
BRH:1
end_of_record
TN:
SF:tests/utils/testToken.js
FN:8,getToken
FNF:1
FNH:1
FNDA:4,getToken
DA:9,4
DA:19,4
LF:2
LH:2
BRDA:15,0,0,4
BRDA:15,0,1,0
BRF:2
BRH:1
end_of_record
